Loading db file '/home/abdelazeem/Desktop/CIM_GP/libs/saed14rvt_base_ss0p72v125c.db'
Information: Propagating switching activity (low effort zero delay simulation). (PWR-6)
Warning: Design has unannotated primary inputs. (PWR-414)
Warning: Design has unannotated sequential cell outputs. (PWR-415)
 
****************************************
Report : power
        -hier
        -analysis_effort low
Design : fifo_bk_top
Version: O-2018.06-SP5
Date   : Wed May  6 23:28:17 2026
****************************************


Library(s) Used:

    saed14rvt_base_ss0p72v125c (File: /home/abdelazeem/Desktop/CIM_GP/libs/saed14rvt_base_ss0p72v125c.db)


Operating Conditions: ss0p72v125c   Library: saed14rvt_base_ss0p72v125c
Wire Load Model Mode: top

Design        Wire Load Model            Library
------------------------------------------------
fifo_bk_top            8000              saed14rvt_base_ss0p72v125c


Global Operating Voltage = 0.72 
Power-specific unit information :
    Voltage Units = 1V
    Capacitance Units = 1.000000pf
    Time Units = 1ns
    Dynamic Power Units = 1mW    (derived from V,C,T units)
    Leakage Power Units = 1pW


--------------------------------------------------------------------------------
                                       Switch   Int      Leak     Total
Hierarchy                              Power    Power    Power    Power    %
--------------------------------------------------------------------------------
fifo_bk_top                            5.57e-02    0.101 2.62e+06    0.160 100.0
  brent_kung (brent_kung_32)           9.20e-03 6.52e-03 3.07e+05 1.60e-02  10.0
  async_fifo (ASYNC_FIFO_DATA_WIDTH32_FIFO_DEPTH16)
                                       4.65e-02 9.43e-02 2.30e+06    0.143  89.7
    u_mem (DUAL_PORT_MEM_DATA_WIDTH32_FIFO_DEPTH16)
                                       4.26e-02 8.85e-02 2.17e+06    0.133  83.5
    u_sync_r2w (SYNCHRONIZER_SYNC_WIDTH5_1)
                                       2.88e-04 1.61e-03 2.51e+04 1.92e-03   1.2
    u_sync_w2r (SYNCHRONIZER_SYNC_WIDTH5_0)
                                       2.78e-04 1.64e-03 2.52e+04 1.95e-03   1.2
    u_read_ptr (READ_PTR_FIFO_DEPTH16) 1.12e-03 9.03e-04 3.42e+04 2.05e-03   1.3
      rbin2gray (binary_to_gray_converter_FIFO_DEPTH16_1)
                                       9.43e-05 1.32e-05 4.59e+03 1.12e-04   0.1
    u_write_ptr (WRITE_PTR_FIFO_DEPTH16)
                                       1.97e-03 1.71e-03 5.33e+04 3.73e-03   2.3
      Wbin2gray (binary_to_gray_converter_FIFO_DEPTH16_0)
                                       9.13e-05 1.76e-05 4.65e+03 1.14e-04   0.1
1
