 
****************************************
Report : area
Design : fifo_bk_top
Version: O-2018.06-SP5
Date   : Wed May  6 23:28:11 2026
****************************************

Information: Updating design information... (UID-85)
Library(s) Used:

    saed14rvt_base_ss0p72v125c (File: /home/abdelazeem/Desktop/CIM_GP/libs/saed14rvt_base_ss0p72v125c.db)

Number of ports:                          438
Number of nets:                          3257
Number of cells:                         2858
Number of combinational cells:           2235
Number of sequential cells:               614
Number of macros/black boxes:               0
Number of buf/inv:                        567
Number of references:                       4

Combinational area:                663.114016
Buf/Inv area:                      140.037604
Noncombinational area:             654.278423
Macro/Black Box area:                0.000000
Net Interconnect area:            1791.266821

Total cell area:                  1317.392439
Total area:                       3108.659260

Hierarchical area distribution
------------------------------

                                  Global cell area          Local cell area
                                  ------------------  --------------------------- 
Hierarchical cell                 Absolute   Percent  Combi-    Noncombi-  Black-
                                  Total      Total    national  national   boxes   Design
--------------------------------  ---------  -------  --------  ---------  ------  ---------------------------------------
fifo_bk_top                       1317.3924    100.0    0.1776     2.1312  0.0000  fifo_bk_top
async_fifo                        1173.4476     89.1    0.5328     0.0000  0.0000  ASYNC_FIFO_DATA_WIDTH32_FIFO_DEPTH16
async_fifo/u_mem                  1104.6720     83.9  524.9856   579.6864  0.0000  DUAL_PORT_MEM_DATA_WIDTH32_FIFO_DEPTH16
async_fifo/u_read_ptr               17.1828      1.3    9.9012     5.3280  0.0000  READ_PTR_FIFO_DEPTH16
async_fifo/u_read_ptr/rbin2gray      1.9536      0.1    1.9536     0.0000  0.0000  binary_to_gray_converter_FIFO_DEPTH16_1
async_fifo/u_sync_r2w               12.9648      1.0    2.3088    10.6560  0.0000  SYNCHRONIZER_SYNC_WIDTH5_1
async_fifo/u_sync_w2r               12.9648      1.0    2.3088    10.6560  0.0000  SYNCHRONIZER_SYNC_WIDTH5_0
async_fifo/u_write_ptr              25.1304      1.9   13.5864     9.5904  0.0000  WRITE_PTR_FIFO_DEPTH16
async_fifo/u_write_ptr/Wbin2gray     1.9536      0.1    1.9536     0.0000  0.0000  binary_to_gray_converter_FIFO_DEPTH16_0
brent_kung                         141.6360     10.8  105.4056    36.2304  0.0000  brent_kung_32
--------------------------------  ---------  -------  --------  ---------  ------  ---------------------------------------
Total                                                 663.1140   654.2784  0.0000

1
