 
****************************************
Report : qor
Design : ASYNC_FIFO
Version: O-2018.06-SP5
Date   : Sat May  2 22:25:56 2026
****************************************


  Timing Path Group 'INREG'
  -----------------------------------
  Levels of Logic:               7.00
  Critical Path Length:          3.77
  Critical Path Slack:          45.07
  Critical Path Clk Period:     50.00
  Total Negative Slack:          0.00
  No. of Violating Paths:        0.00
  Worst Hold Violation:          0.00
  Total Hold Violation:          0.00
  No. of Hold Violations:        0.00
  -----------------------------------

  Timing Path Group 'REG2REG'
  -----------------------------------
  Levels of Logic:              11.00
  Critical Path Length:          3.75
  Critical Path Slack:           6.09
  Critical Path Clk Period:     10.00
  Total Negative Slack:          0.00
  No. of Violating Paths:        0.00
  Worst Hold Violation:          0.00
  Total Hold Violation:          0.00
  No. of Hold Violations:        0.00
  -----------------------------------

  Timing Path Group 'REGOUT'
  -----------------------------------
  Levels of Logic:               6.00
  Critical Path Length:          2.74
  Critical Path Slack:           6.16
  Critical Path Clk Period:     10.00
  Total Negative Slack:          0.00
  No. of Violating Paths:        0.00
  Worst Hold Violation:          0.00
  Total Hold Violation:          0.00
  No. of Hold Violations:        0.00
  -----------------------------------


  Cell Count
  -----------------------------------
  Hierarchical Cell Count:          0
  Hierarchical Port Count:          0
  Leaf Cell Count:               2198
  Buf/Inv Cell Count:             651
  Buf Cell Count:                  38
  Inv Cell Count:                 613
  CT Buf/Inv Cell Count:            0
  Combinational Cell Count:      1620
  Sequential Cell Count:          578
  Macro Count:                      0
  -----------------------------------


  Area
  -----------------------------------
  Combinational Area:      425.795988
  Noncombinational Area:   620.179219
  Buf/Inv Area:            124.897197
  Total Buffer Area:            13.90
  Total Inverter Area:         111.00
  Macro/Black Box Area:      0.000000
  Net Area:               2246.591665
  -----------------------------------
  Cell Area:              1045.975207
  Design Area:            3292.566872


  Design Rules
  -----------------------------------
  Total Number of Nets:          2236
  Nets With Violations:             0
  Max Trans Violations:             0
  Max Cap Violations:               0
  -----------------------------------


  Hostname: IC_EDA

  Compile CPU Statistics
  -----------------------------------------
  Resource Sharing:                    0.00
  Logic Optimization:                  0.09
  Mapping Optimization:                2.47
  -----------------------------------------
  Overall Compile Time:              131.18
  Overall Compile Wall Clock Time:   182.97

  --------------------------------------------------------------------

  Design  WNS: 0.00  TNS: 0.00  Number of Violating Paths: 0


  Design (Hold)  WNS: 0.00  TNS: 0.00  Number of Violating Paths: 0

  --------------------------------------------------------------------


1
