 
****************************************
Report : timing
        -path full
        -delay max
        -max_paths 1
Design : ASYNC_FIFO
Version: O-2018.06-SP5
Date   : Sat May  2 22:25:56 2026
****************************************

Operating Conditions: ss0p72v125c   Library: saed14rvt_base_ss0p72v125c
Wire Load Model Mode: top

  Startpoint: winc (input port clocked by wclk)
  Endpoint: u_mem/mem_reg[3][0]
            (rising edge-triggered flip-flop clocked by wclk)
  Path Group: INREG
  Path Type: max

  Des/Clust/Port     Wire Load Model       Library
  ------------------------------------------------
  ASYNC_FIFO         8000                  saed14rvt_base_ss0p72v125c

  Point                                                   Incr       Path
  --------------------------------------------------------------------------
  clock wclk (rise edge)                                  0.00       0.00
  clock network delay (ideal)                             0.50       0.50
  input external delay                                    1.00       1.50 r
  winc (in)                                               0.00       1.50 r
  U1128/X (SAEDRVT14_OAI21_0P5)                           0.38       1.88 f
  U1250/X (SAEDRVT14_NR2_1)                               0.30       2.18 r
  U1101/X (SAEDRVT14_ND2_CDC_0P5)                         0.26       2.43 f
  U1265/X (SAEDRVT14_NR2_1)                               0.45       2.88 r
  U1104/X (SAEDRVT14_INV_S_0P5)                           0.87       3.75 f
  U1017/X (SAEDRVT14_INV_S_1P5)                           1.16       4.91 r
  U2022/X (SAEDRVT14_OAI22_0P5)                           0.35       5.27 f
  u_mem/mem_reg[3][0]/D (SAEDRVT14_FDPRBQ_V2LP_0P5)       0.00       5.27 f
  data arrival time                                                  5.27

  clock wclk (rise edge)                                 50.00      50.00
  clock network delay (ideal)                             0.50      50.50
  clock uncertainty                                      -0.10      50.40
  u_mem/mem_reg[3][0]/CK (SAEDRVT14_FDPRBQ_V2LP_0P5)      0.00      50.40 r
  library setup time                                     -0.06      50.34
  data required time                                                50.34
  --------------------------------------------------------------------------
  data required time                                                50.34
  data arrival time                                                 -5.27
  --------------------------------------------------------------------------
  slack (MET)                                                       45.07


  Startpoint: u_read_ptr/rptr_reg[0]
              (rising edge-triggered flip-flop clocked by rclk)
  Endpoint: u_read_ptr/rptr_reg[2]
            (rising edge-triggered flip-flop clocked by rclk)
  Path Group: REG2REG
  Path Type: max

  Des/Clust/Port     Wire Load Model       Library
  ------------------------------------------------
  ASYNC_FIFO         8000                  saed14rvt_base_ss0p72v125c

  Point                                                   Incr       Path
  --------------------------------------------------------------------------
  clock rclk (rise edge)                                  0.00       0.00
  clock network delay (ideal)                             0.50       0.50
  u_read_ptr/rptr_reg[0]/CK (SAEDRVT14_FDPRBQ_V2LP_0P5)
                                                          0.00       0.50 r
  u_read_ptr/rptr_reg[0]/Q (SAEDRVT14_FDPRBQ_V2LP_0P5)
                                                          0.49       0.99 r
  U1107/X (SAEDRVT14_INV_S_0P5)                           0.52       1.52 f
  U1062/X (SAEDRVT14_NR2_1)                               0.45       1.96 r
  U1043/X (SAEDRVT14_AOI21_0P75)                          0.33       2.30 f
  U1014/X (SAEDRVT14_AOI21_0P75)                          0.12       2.42 r
  U2605/X (SAEDRVT14_OAI21_0P5)                           0.10       2.52 f
  U1000/X (SAEDRVT14_NR2_6)                               0.70       3.23 r
  U2606/X (SAEDRVT14_ND2B_U_0P5)                          0.29       3.52 r
  U2609/X (SAEDRVT14_INV_S_0P5)                           0.24       3.76 f
  U2612/X (SAEDRVT14_ND2_CDC_0P5)                         0.17       3.93 r
  U2613/X (SAEDRVT14_NR2_1)                               0.19       4.12 f
  U2614/X (SAEDRVT14_OAI22_0P5)                           0.13       4.25 r
  u_read_ptr/rptr_reg[2]/D (SAEDRVT14_FDPRBQ_V2LP_0P5)
                                                          0.00       4.25 r
  data arrival time                                                  4.25

  clock rclk (rise edge)                                 10.00      10.00
  clock network delay (ideal)                             0.50      10.50
  clock uncertainty                                      -0.10      10.40
  u_read_ptr/rptr_reg[2]/CK (SAEDRVT14_FDPRBQ_V2LP_0P5)
                                                          0.00      10.40 r
  library setup time                                     -0.06      10.34
  data required time                                                10.34
  --------------------------------------------------------------------------
  data required time                                                10.34
  data arrival time                                                 -4.25
  --------------------------------------------------------------------------
  slack (MET)                                                        6.09


  Startpoint: u_read_ptr/rptr_reg[0]
              (rising edge-triggered flip-flop clocked by rclk)
  Endpoint: empty (output port clocked by rclk)
  Path Group: REGOUT
  Path Type: max

  Des/Clust/Port     Wire Load Model       Library
  ------------------------------------------------
  ASYNC_FIFO         8000                  saed14rvt_base_ss0p72v125c

  Point                                                   Incr       Path
  --------------------------------------------------------------------------
  clock rclk (rise edge)                                  0.00       0.00
  clock network delay (ideal)                             0.50       0.50
  u_read_ptr/rptr_reg[0]/CK (SAEDRVT14_FDPRBQ_V2LP_0P5)
                                                          0.00       0.50 r
  u_read_ptr/rptr_reg[0]/Q (SAEDRVT14_FDPRBQ_V2LP_0P5)
                                                          0.49       0.99 r
  U1107/X (SAEDRVT14_INV_S_0P5)                           0.52       1.52 f
  U1062/X (SAEDRVT14_NR2_1)                               0.45       1.96 r
  U1043/X (SAEDRVT14_AOI21_0P75)                          0.33       2.30 f
  U1014/X (SAEDRVT14_AOI21_0P75)                          0.12       2.42 r
  U2605/X (SAEDRVT14_OAI21_0P5)                           0.10       2.52 f
  U1000/X (SAEDRVT14_NR2_6)                               0.70       3.23 r
  empty (out)                                             0.01       3.24 r
  data arrival time                                                  3.24

  clock rclk (rise edge)                                 10.00      10.00
  clock network delay (ideal)                             0.50      10.50
  clock uncertainty                                      -0.10      10.40
  output external delay                                  -1.00       9.40
  data required time                                                 9.40
  --------------------------------------------------------------------------
  data required time                                                 9.40
  data arrival time                                                 -3.24
  --------------------------------------------------------------------------
  slack (MET)                                                        6.16


1
