Information: Updating design information... (UID-85)
 
****************************************
Report : power
        -hier
        -analysis_effort low
        -verbose
Design : ASYNC_FIFO
Version: O-2018.06-SP5
Date   : Sat May  2 22:25:56 2026
****************************************


Library(s) Used:

    saed14rvt_base_ss0p72v125c (File: /home/abdelazeem/Desktop/Menna/VVM/std_cells/SAED14nm_EDK_STD_RVT/liberty/nldm/base/saed14rvt_base_ss0p72v125c.db)


Operating Conditions: ss0p72v125c   Library: saed14rvt_base_ss0p72v125c
Wire Load Model Mode: top

Design        Wire Load Model            Library
------------------------------------------------
ASYNC_FIFO             8000              saed14rvt_base_ss0p72v125c


Global Operating Voltage = 0.72 
Power-specific unit information :
    Voltage Units = 1V
    Capacitance Units = 1.000000pf
    Time Units = 1ns
    Dynamic Power Units = 1mW    (derived from V,C,T units)
    Leakage Power Units = 1pW


--------------------------------------------------------------------------------
                                       Switch   Int      Leak     Total
Hierarchy                              Power    Power    Power    Power    %
--------------------------------------------------------------------------------
ASYNC_FIFO                             6.16e-02 2.32e-02 1.48e+06 8.63e-02 100.0
1
