Loading db file '/home/abdelazeem/Desktop/CIM_GP/libs/saed14rvt_base_ss0p72v125c.db'
Information: Propagating switching activity (low effort zero delay simulation). (PWR-6)
Warning: Design has unannotated primary inputs. (PWR-414)
Warning: Design has unannotated sequential cell outputs. (PWR-415)
 
****************************************
Report : power
        -hier
        -analysis_effort low
Design : fifo_ks_top
Version: O-2018.06-SP5
Date   : Thu May 14 11:32:14 2026
****************************************


Library(s) Used:

    saed14rvt_base_ss0p72v125c (File: /home/abdelazeem/Desktop/CIM_GP/libs/saed14rvt_base_ss0p72v125c.db)


Operating Conditions: ss0p72v125c   Library: saed14rvt_base_ss0p72v125c
Wire Load Model Mode: top

Design        Wire Load Model            Library
------------------------------------------------
fifo_ks_top            8000              saed14rvt_base_ss0p72v125c


Global Operating Voltage = 0.72 
Power-specific unit information :
    Voltage Units = 1V
    Capacitance Units = 1.000000pf
    Time Units = 1ns
    Dynamic Power Units = 1mW    (derived from V,C,T units)
    Leakage Power Units = 1pW


--------------------------------------------------------------------------------
                                       Switch   Int      Leak     Total
Hierarchy                              Power    Power    Power    Power    %
--------------------------------------------------------------------------------
fifo_ks_top                            5.68e-02    0.101 2.78e+06    0.161 100.0
  kogge_stone (Kogge_Stone_32Bits)     1.10e-02 6.90e-03 4.70e+05 1.84e-02  11.4
    gen_post_process[31].u_post_process (post_process_1)
                                       4.30e-05 7.81e-06 1.32e+03 5.21e-05   0.0
    gen_post_process[30].u_post_process (post_process_2)
                                       1.84e-05 7.94e-06 1.32e+03 2.77e-05   0.0
    gen_post_process[29].u_post_process (post_process_3)
                                       1.81e-05 7.83e-06 1.32e+03 2.73e-05   0.0
    gen_post_process[28].u_post_process (post_process_4)
                                       1.83e-05 7.90e-06 1.32e+03 2.75e-05   0.0
    gen_post_process[27].u_post_process (post_process_5)
                                       1.81e-05 7.81e-06 1.32e+03 2.72e-05   0.0
    gen_post_process[26].u_post_process (post_process_6)
                                       1.84e-05 7.97e-06 1.32e+03 2.77e-05   0.0
    gen_post_process[25].u_post_process (post_process_7)
                                       1.85e-05 8.01e-06 1.32e+03 2.78e-05   0.0
    gen_post_process[24].u_post_process (post_process_8)
                                       1.85e-05 7.99e-06 1.32e+03 2.78e-05   0.0
    gen_post_process[23].u_post_process (post_process_9)
                                       1.78e-05 7.68e-06 1.32e+03 2.68e-05   0.0
    gen_post_process[22].u_post_process (post_process_10)
                                       1.84e-05 7.94e-06 1.32e+03 2.76e-05   0.0
    gen_post_process[21].u_post_process (post_process_11)
                                       1.81e-05 7.80e-06 1.32e+03 2.72e-05   0.0
    gen_post_process[20].u_post_process (post_process_12)
                                       1.82e-05 7.87e-06 1.32e+03 2.74e-05   0.0
    gen_post_process[19].u_post_process (post_process_13)
                                       1.79e-05 7.74e-06 1.32e+03 2.70e-05   0.0
    gen_post_process[18].u_post_process (post_process_14)
                                       1.86e-05 8.02e-06 1.32e+03 2.79e-05   0.0
    gen_post_process[17].u_post_process (post_process_15)
                                       1.84e-05 7.94e-06 1.32e+03 2.76e-05   0.0
    gen_post_process[16].u_post_process (post_process_16)
                                       1.84e-05 7.96e-06 1.32e+03 2.77e-05   0.0
    gen_post_process[15].u_post_process (post_process_17)
                                       1.84e-05 7.92e-06 1.32e+03 2.76e-05   0.0
    gen_post_process[14].u_post_process (post_process_18)
                                       1.83e-05 7.90e-06 1.32e+03 2.75e-05   0.0
    gen_post_process[13].u_post_process (post_process_19)
                                       1.84e-05 7.94e-06 1.32e+03 2.77e-05   0.0
    gen_post_process[12].u_post_process (post_process_20)
                                       1.82e-05 7.85e-06 1.32e+03 2.74e-05   0.0
    gen_post_process[11].u_post_process (post_process_21)
                                       1.84e-05 7.95e-06 1.32e+03 2.77e-05   0.0
    gen_post_process[10].u_post_process (post_process_22)
                                       1.83e-05 7.89e-06 1.32e+03 2.75e-05   0.0
    gen_post_process[9].u_post_process (post_process_23)
                                       1.84e-05 7.93e-06 1.31e+03 2.76e-05   0.0
    gen_post_process[8].u_post_process (post_process_24)
                                       1.89e-05 8.14e-06 1.32e+03 2.83e-05   0.0
    gen_post_process[7].u_post_process (post_process_25)
                                       1.85e-05 7.99e-06 1.32e+03 2.78e-05   0.0
    gen_post_process[6].u_post_process (post_process_26)
                                       1.93e-05 8.38e-06 1.32e+03 2.90e-05   0.0
    gen_post_process[5].u_post_process (post_process_27)
                                       1.92e-05 8.41e-06 1.31e+03 2.90e-05   0.0
    gen_post_process[4].u_post_process (post_process_28)
                                       2.13e-05 9.38e-06 1.32e+03 3.20e-05   0.0
    gen_post_process[3].u_post_process (post_process_29)
                                       2.29e-05 1.02e-05 1.32e+03 3.44e-05   0.0
    gen_post_process[2].u_post_process (post_process_30)
                                       2.55e-05 1.15e-05 1.31e+03 3.82e-05   0.0
    gen_post_process[1].u_post_process (post_process_31)
                                       2.74e-05 1.26e-05 1.30e+03 4.13e-05   0.0
    gen_post_process[0].u_post_process (post_process_0)
                                       2.71e-05 1.36e-05 1.29e+03 4.20e-05   0.0
    gen_carry_calc[31].u_carry_calc (calc_carry_1)
                                          0.000 1.75e-06  991.750 2.74e-06   0.0
    gen_carry_calc[30].u_carry_calc (calc_carry_2)
                                       6.00e-06 1.79e-06  992.494 8.79e-06   0.0
    gen_carry_calc[29].u_carry_calc (calc_carry_3)
                                       5.91e-06 1.76e-06  991.962 8.66e-06   0.0
    gen_carry_calc[28].u_carry_calc (calc_carry_4)
                                       5.90e-06 1.76e-06  991.931 8.65e-06   0.0
    gen_carry_calc[27].u_carry_calc (calc_carry_5)
                                       5.99e-06 1.78e-06  992.511 8.76e-06   0.0
    gen_carry_calc[26].u_carry_calc (calc_carry_6)
                                       5.84e-06 1.74e-06  992.285 8.58e-06   0.0
    gen_carry_calc[25].u_carry_calc (calc_carry_7)
                                       6.09e-06 1.81e-06  991.652 8.90e-06   0.0
    gen_carry_calc[24].u_carry_calc (calc_carry_8)
                                       6.22e-06 1.88e-06  991.793 9.09e-06   0.0
    gen_carry_calc[23].u_carry_calc (calc_carry_9)
                                       6.03e-06 1.80e-06  992.371 8.81e-06   0.0
    gen_carry_calc[22].u_carry_calc (calc_carry_10)
                                       5.99e-06 1.78e-06  992.641 8.76e-06   0.0
    gen_carry_calc[21].u_carry_calc (calc_carry_11)
                                       5.96e-06 1.78e-06  992.289 8.73e-06   0.0
    gen_carry_calc[20].u_carry_calc (calc_carry_12)
                                       5.88e-06 1.75e-06  992.426 8.62e-06   0.0
    gen_carry_calc[19].u_carry_calc (calc_carry_13)
                                       5.89e-06 1.75e-06  992.727 8.63e-06   0.0
    gen_carry_calc[18].u_carry_calc (calc_carry_14)
                                       5.89e-06 1.75e-06  992.403 8.63e-06   0.0
    gen_carry_calc[17].u_carry_calc (calc_carry_15)
                                       5.94e-06 1.77e-06  992.443 8.70e-06   0.0
    gen_carry_calc[16].u_carry_calc (calc_carry_16)
                                       6.02e-06 1.82e-06  992.102 8.84e-06   0.0
    gen_carry_calc[15].u_carry_calc (calc_carry_17)
                                       5.84e-06 1.78e-06  992.366 8.61e-06   0.0
    gen_carry_calc[14].u_carry_calc (calc_carry_18)
                                       5.75e-06 1.75e-06  992.336 8.49e-06   0.0
    gen_carry_calc[13].u_carry_calc (calc_carry_19)
                                       5.74e-06 1.75e-06  992.486 8.48e-06   0.0
    gen_carry_calc[12].u_carry_calc (calc_carry_20)
                                       5.72e-06 1.75e-06  992.440 8.46e-06   0.0
    gen_carry_calc[11].u_carry_calc (calc_carry_21)
                                       5.83e-06 1.78e-06  992.472 8.60e-06   0.0
    gen_carry_calc[10].u_carry_calc (calc_carry_22)
                                       6.13e-06 1.87e-06  991.992 9.00e-06   0.0
    gen_carry_calc[9].u_carry_calc (calc_carry_23)
                                       6.10e-06 1.84e-06  992.129 8.94e-06   0.0
    gen_carry_calc[8].u_carry_calc (calc_carry_24)
                                       6.14e-06 1.86e-06  992.439 8.99e-06   0.0
    gen_carry_calc[7].u_carry_calc (calc_carry_25)
                                       6.10e-06 1.88e-06  993.233 8.98e-06   0.0
    gen_carry_calc[6].u_carry_calc (calc_carry_26)
                                       6.29e-06 1.96e-06  993.083 9.24e-06   0.0
    gen_carry_calc[5].u_carry_calc (calc_carry_27)
                                       6.94e-06 2.20e-06  993.026 1.01e-05   0.0
    gen_carry_calc[4].u_carry_calc (calc_carry_28)
                                       7.81e-06 2.54e-06  993.722 1.13e-05   0.0
    gen_carry_calc[3].u_carry_calc (calc_carry_29)
                                       8.92e-06 3.07e-06  996.723 1.30e-05   0.0
    gen_carry_calc[2].u_carry_calc (calc_carry_30)
                                       1.04e-05 3.71e-06 1.00e+03 1.51e-05   0.0
    gen_carry_calc[1].u_carry_calc (calc_carry_31)
                                       1.24e-05 4.58e-06 1.01e+03 1.80e-05   0.0
    gen_carry_calc[0].u_carry_calc (calc_carry_0)
                                       1.43e-05 5.70e-06 1.03e+03 2.10e-05   0.0
    gen_stage5[31].u_stage5 (dot_operator_1)
                                       6.24e-06 1.87e-06 1.44e+03 9.54e-06   0.0
    gen_stage5[30].u_stage5 (dot_operator_2)
                                       6.20e-06 1.86e-06 1.44e+03 9.49e-06   0.0
    gen_stage5[29].u_stage5 (dot_operator_3)
                                       6.10e-06 1.83e-06 1.44e+03 9.36e-06   0.0
    gen_stage5[28].u_stage5 (dot_operator_4)
                                       6.09e-06 1.83e-06 1.44e+03 9.35e-06   0.0
    gen_stage5[27].u_stage5 (dot_operator_5)
                                       6.18e-06 1.85e-06 1.44e+03 9.47e-06   0.0
    gen_stage5[26].u_stage5 (dot_operator_6)
                                       6.03e-06 1.81e-06 1.44e+03 9.28e-06   0.0
    gen_stage5[25].u_stage5 (dot_operator_7)
                                       6.29e-06 1.89e-06 1.44e+03 9.61e-06   0.0
    gen_stage5[24].u_stage5 (dot_operator_8)
                                       6.42e-06 1.92e-06 1.44e+03 9.78e-06   0.0
    gen_stage5[23].u_stage5 (dot_operator_9)
                                       6.22e-06 1.87e-06 1.44e+03 9.52e-06   0.0
    gen_stage5[22].u_stage5 (dot_operator_10)
                                       6.18e-06 1.85e-06 1.44e+03 9.47e-06   0.0
    gen_stage5[21].u_stage5 (dot_operator_11)
                                       6.15e-06 1.85e-06 1.44e+03 9.45e-06   0.0
    gen_stage5[20].u_stage5 (dot_operator_12)
                                       6.06e-06 1.83e-06 1.44e+03 9.34e-06   0.0
    gen_stage5[19].u_stage5 (dot_operator_13)
                                       6.07e-06 1.83e-06 1.45e+03 9.35e-06   0.0
    gen_stage5[18].u_stage5 (dot_operator_14)
                                       6.07e-06 1.82e-06 1.46e+03 9.36e-06   0.0
    gen_stage5[17].u_stage5 (dot_operator_15)
                                       6.13e-06 1.84e-06 1.49e+03 9.46e-06   0.0
    gen_stage5[16].u_stage5 (dot_operator_16)
                                       6.22e-06 1.84e-06 1.54e+03 9.60e-06   0.0
    gen_stage4[31].u_stage4 (dot_operator_17)
                                       6.25e-06 1.89e-06 1.44e+03 9.58e-06   0.0
    gen_stage4[30].u_stage4 (dot_operator_18)
                                       6.33e-06 1.88e-06 1.44e+03 9.65e-06   0.0
    gen_stage4[29].u_stage4 (dot_operator_19)
                                       6.21e-06 1.85e-06 1.44e+03 9.50e-06   0.0
    gen_stage4[28].u_stage4 (dot_operator_20)
                                       6.17e-06 1.84e-06 1.44e+03 9.45e-06   0.0
    gen_stage4[27].u_stage4 (dot_operator_21)
                                       6.28e-06 1.87e-06 1.44e+03 9.59e-06   0.0
    gen_stage4[26].u_stage4 (dot_operator_22)
                                       6.13e-06 1.83e-06 1.44e+03 9.40e-06   0.0
    gen_stage4[25].u_stage4 (dot_operator_23)
                                       6.40e-06 1.90e-06 1.44e+03 9.74e-06   0.0
    gen_stage4[24].u_stage4 (dot_operator_24)
                                       6.55e-06 1.95e-06 1.44e+03 9.94e-06   0.0
    gen_stage4[23].u_stage4 (dot_operator_25)
                                       6.35e-06 1.90e-06 1.44e+03 9.69e-06   0.0
    gen_stage4[22].u_stage4 (dot_operator_26)
                                       6.32e-06 1.89e-06 1.44e+03 9.65e-06   0.0
    gen_stage4[21].u_stage4 (dot_operator_27)
                                       6.26e-06 1.88e-06 1.44e+03 9.58e-06   0.0
    gen_stage4[20].u_stage4 (dot_operator_28)
                                       6.17e-06 1.85e-06 1.44e+03 9.47e-06   0.0
    gen_stage4[19].u_stage4 (dot_operator_29)
                                       6.18e-06 1.86e-06 1.44e+03 9.48e-06   0.0
    gen_stage4[18].u_stage4 (dot_operator_30)
                                       6.17e-06 1.86e-06 1.44e+03 9.47e-06   0.0
    gen_stage4[17].u_stage4 (dot_operator_31)
                                       6.24e-06 1.88e-06 1.44e+03 9.56e-06   0.0
    gen_stage4[16].u_stage4 (dot_operator_32)
                                       6.29e-06 1.90e-06 1.44e+03 9.63e-06   0.0
    gen_stage4[15].u_stage4 (dot_operator_33)
                                       1.35e-05 1.85e-06 1.44e+03 1.67e-05   0.0
    gen_stage4[14].u_stage4 (dot_operator_34)
                                       1.32e-05 1.83e-06 1.44e+03 1.65e-05   0.0
    gen_stage4[13].u_stage4 (dot_operator_35)
                                       1.32e-05 1.82e-06 1.44e+03 1.65e-05   0.0
    gen_stage4[12].u_stage4 (dot_operator_36)
                                       1.32e-05 1.83e-06 1.45e+03 1.65e-05   0.0
    gen_stage4[11].u_stage4 (dot_operator_37)
                                       1.35e-05 1.86e-06 1.45e+03 1.68e-05   0.0
    gen_stage4[10].u_stage4 (dot_operator_38)
                                       1.42e-05 1.95e-06 1.46e+03 1.76e-05   0.0
    gen_stage4[9].u_stage4 (dot_operator_39)
                                       1.43e-05 1.96e-06 1.49e+03 1.77e-05   0.0
    gen_stage4[8].u_stage4 (dot_operator_40)
                                       1.46e-05 1.98e-06 1.54e+03 1.82e-05   0.0
    gen_stage3[31].u_stage3 (dot_operator_41)
                                       7.83e-06 2.21e-06 1.47e+03 1.15e-05   0.0
    gen_stage3[30].u_stage3 (dot_operator_42)
                                       7.84e-06 2.19e-06 1.47e+03 1.15e-05   0.0
    gen_stage3[29].u_stage3 (dot_operator_43)
                                       7.83e-06 2.18e-06 1.47e+03 1.15e-05   0.0
    gen_stage3[28].u_stage3 (dot_operator_44)
                                       7.69e-06 2.16e-06 1.47e+03 1.13e-05   0.0
    gen_stage3[27].u_stage3 (dot_operator_45)
                                       7.65e-06 2.18e-06 1.47e+03 1.13e-05   0.0
    gen_stage3[26].u_stage3 (dot_operator_46)
                                       7.54e-06 2.13e-06 1.47e+03 1.12e-05   0.0
    gen_stage3[25].u_stage3 (dot_operator_47)
                                       7.85e-06 2.22e-06 1.47e+03 1.16e-05   0.0
    gen_stage3[24].u_stage3 (dot_operator_48)
                                       8.28e-06 2.29e-06 1.47e+03 1.20e-05   0.0
    gen_stage3[23].u_stage3 (dot_operator_49)
                                       1.64e-05 2.22e-06 1.47e+03 2.01e-05   0.0
    gen_stage3[22].u_stage3 (dot_operator_50)
                                       1.61e-05 2.20e-06 1.48e+03 1.98e-05   0.0
    gen_stage3[21].u_stage3 (dot_operator_51)
                                       1.58e-05 2.16e-06 1.48e+03 1.94e-05   0.0
    gen_stage3[20].u_stage3 (dot_operator_52)
                                       1.61e-05 2.18e-06 1.48e+03 1.97e-05   0.0
    gen_stage3[19].u_stage3 (dot_operator_53)
                                       1.62e-05 2.19e-06 1.48e+03 1.99e-05   0.0
    gen_stage3[18].u_stage3 (dot_operator_54)
                                       1.67e-05 2.22e-06 1.47e+03 2.04e-05   0.0
    gen_stage3[17].u_stage3 (dot_operator_55)
                                       1.66e-05 2.22e-06 1.48e+03 2.03e-05   0.0
    gen_stage3[16].u_stage3 (dot_operator_56)
                                       1.66e-05 2.24e-06 1.48e+03 2.04e-05   0.0
    gen_stage3[15].u_stage3 (dot_operator_57)
                                       1.65e-05 2.20e-06 1.48e+03 2.02e-05   0.0
    gen_stage3[14].u_stage3 (dot_operator_58)
                                       1.61e-05 2.16e-06 1.47e+03 1.98e-05   0.0
    gen_stage3[13].u_stage3 (dot_operator_59)
                                       1.55e-05 2.11e-06 1.47e+03 1.91e-05   0.0
    gen_stage3[12].u_stage3 (dot_operator_60)
                                       1.58e-05 2.13e-06 1.47e+03 1.94e-05   0.0
    gen_stage3[11].u_stage3 (dot_operator_61)
                                       1.59e-05 2.15e-06 1.47e+03 1.95e-05   0.0
    gen_stage3[10].u_stage3 (dot_operator_62)
                                       1.65e-05 2.24e-06 1.47e+03 2.02e-05   0.0
    gen_stage3[9].u_stage3 (dot_operator_63)
                                       1.62e-05 2.20e-06 1.47e+03 1.99e-05   0.0
    gen_stage3[8].u_stage3 (dot_operator_64)
                                       1.63e-05 2.20e-06 1.47e+03 2.00e-05   0.0
    gen_stage3[7].u_stage3 (dot_operator_65)
                                       2.41e-05 2.18e-06 1.48e+03 2.77e-05   0.0
    gen_stage3[6].u_stage3 (dot_operator_66)
                                       2.57e-05 2.29e-06 1.49e+03 2.94e-05   0.0
    gen_stage3[5].u_stage3 (dot_operator_67)
                                       2.99e-05 2.62e-06 1.51e+03 3.40e-05   0.0
    gen_stage3[4].u_stage3 (dot_operator_68)
                                       3.66e-05 3.12e-06 1.56e+03 4.13e-05   0.0
    gen_stage2[31].u_stage2 (dot_operator_69)
                                       2.12e-05 4.02e-06 1.58e+03 2.68e-05   0.0
    gen_stage2[30].u_stage2 (dot_operator_70)
                                       2.10e-05 3.97e-06 1.58e+03 2.66e-05   0.0
    gen_stage2[29].u_stage2 (dot_operator_71)
                                       2.09e-05 3.96e-06 1.58e+03 2.64e-05   0.0
    gen_stage2[28].u_stage2 (dot_operator_72)
                                       2.07e-05 3.94e-06 1.58e+03 2.62e-05   0.0
    gen_stage2[27].u_stage2 (dot_operator_73)
                                       3.78e-05 4.04e-06 1.58e+03 4.35e-05   0.0
    gen_stage2[26].u_stage2 (dot_operator_74)
                                       3.65e-05 3.89e-06 1.58e+03 4.20e-05   0.0
    gen_stage2[25].u_stage2 (dot_operator_75)
                                       3.87e-05 4.11e-06 1.58e+03 4.44e-05   0.0
    gen_stage2[24].u_stage2 (dot_operator_76)
                                       3.72e-05 3.98e-06 1.58e+03 4.27e-05   0.0
    gen_stage2[23].u_stage2 (dot_operator_77)
                                       3.77e-05 4.02e-06 1.58e+03 4.33e-05   0.0
    gen_stage2[22].u_stage2 (dot_operator_78)
                                       3.86e-05 4.09e-06 1.58e+03 4.42e-05   0.0
    gen_stage2[21].u_stage2 (dot_operator_79)
                                       3.84e-05 4.08e-06 1.58e+03 4.41e-05   0.0
    gen_stage2[20].u_stage2 (dot_operator_80)
                                       3.81e-05 4.04e-06 1.58e+03 4.38e-05   0.0
    gen_stage2[19].u_stage2 (dot_operator_81)
                                       3.76e-05 3.98e-06 1.58e+03 4.32e-05   0.0
    gen_stage2[18].u_stage2 (dot_operator_82)
                                       3.77e-05 4.01e-06 1.58e+03 4.33e-05   0.0
    gen_stage2[17].u_stage2 (dot_operator_83)
                                       3.80e-05 4.05e-06 1.58e+03 4.37e-05   0.0
    gen_stage2[16].u_stage2 (dot_operator_84)
                                       3.88e-05 4.11e-06 1.58e+03 4.45e-05   0.0
    gen_stage2[15].u_stage2 (dot_operator_85)
                                       3.80e-05 4.02e-06 1.58e+03 4.36e-05   0.0
    gen_stage2[14].u_stage2 (dot_operator_86)
                                       3.75e-05 3.96e-06 1.58e+03 4.30e-05   0.0
    gen_stage2[13].u_stage2 (dot_operator_87)
                                       3.67e-05 3.90e-06 1.58e+03 4.22e-05   0.0
    gen_stage2[12].u_stage2 (dot_operator_88)
                                       3.60e-05 3.84e-06 1.58e+03 4.15e-05   0.0
    gen_stage2[11].u_stage2 (dot_operator_89)
                                       3.76e-05 4.00e-06 1.58e+03 4.31e-05   0.0
    gen_stage2[10].u_stage2 (dot_operator_90)
                                       3.81e-05 4.04e-06 1.58e+03 4.37e-05   0.0
    gen_stage2[9].u_stage2 (dot_operator_91)
                                       3.73e-05 3.98e-06 1.58e+03 4.29e-05   0.0
    gen_stage2[8].u_stage2 (dot_operator_92)
                                       3.64e-05 3.92e-06 1.58e+03 4.19e-05   0.0
    gen_stage2[7].u_stage2 (dot_operator_93)
                                       3.72e-05 3.97e-06 1.58e+03 4.28e-05   0.0
    gen_stage2[6].u_stage2 (dot_operator_94)
                                       3.66e-05 3.89e-06 1.58e+03 4.20e-05   0.0
    gen_stage2[5].u_stage2 (dot_operator_95)
                                       3.70e-05 3.97e-06 1.58e+03 4.25e-05   0.0
    gen_stage2[4].u_stage2 (dot_operator_96)
                                       3.83e-05 4.10e-06 1.58e+03 4.40e-05   0.0
    gen_stage2[3].u_stage2 (dot_operator_97)
                                       6.43e-05 4.03e-06 1.58e+03 6.99e-05   0.0
    gen_stage2[2].u_stage2 (dot_operator_98)
                                       8.19e-05 5.01e-06 1.63e+03 8.85e-05   0.1
    gen_stage1[31].u_stage1 (dot_operator_99)
                                       3.90e-05 6.23e-06 1.71e+03 4.70e-05   0.0
    gen_stage1[30].u_stage1 (dot_operator_100)
                                       3.86e-05 6.16e-06 1.71e+03 4.65e-05   0.0
    gen_stage1[29].u_stage1 (dot_operator_101)
                                       6.55e-05 6.22e-06 1.72e+03 7.34e-05   0.0
    gen_stage1[28].u_stage1 (dot_operator_102)
                                       6.65e-05 6.28e-06 1.72e+03 7.45e-05   0.0
    gen_stage1[27].u_stage1 (dot_operator_103)
                                       6.54e-05 6.20e-06 1.72e+03 7.33e-05   0.0
    gen_stage1[26].u_stage1 (dot_operator_104)
                                       6.47e-05 6.16e-06 1.71e+03 7.26e-05   0.0
    gen_stage1[25].u_stage1 (dot_operator_105)
                                       6.82e-05 6.50e-06 1.72e+03 7.64e-05   0.0
    gen_stage1[24].u_stage1 (dot_operator_106)
                                       6.52e-05 6.24e-06 1.72e+03 7.32e-05   0.0
    gen_stage1[23].u_stage1 (dot_operator_107)
                                       6.60e-05 6.27e-06 1.72e+03 7.39e-05   0.0
    gen_stage1[22].u_stage1 (dot_operator_108)
                                       6.62e-05 6.29e-06 1.72e+03 7.43e-05   0.0
    gen_stage1[21].u_stage1 (dot_operator_109)
                                       6.60e-05 6.27e-06 1.72e+03 7.39e-05   0.0
    gen_stage1[20].u_stage1 (dot_operator_110)
                                       6.58e-05 6.26e-06 1.72e+03 7.38e-05   0.0
    gen_stage1[19].u_stage1 (dot_operator_111)
                                       6.64e-05 6.32e-06 1.72e+03 7.44e-05   0.0
    gen_stage1[18].u_stage1 (dot_operator_112)
                                       6.63e-05 6.27e-06 1.72e+03 7.43e-05   0.0
    gen_stage1[17].u_stage1 (dot_operator_113)
                                       6.61e-05 6.28e-06 1.72e+03 7.41e-05   0.0
    gen_stage1[16].u_stage1 (dot_operator_114)
                                       6.77e-05 6.46e-06 1.72e+03 7.59e-05   0.0
    gen_stage1[15].u_stage1 (dot_operator_115)
                                       6.55e-05 6.25e-06 1.72e+03 7.34e-05   0.0
    gen_stage1[14].u_stage1 (dot_operator_116)
                                       6.58e-05 6.25e-06 1.71e+03 7.38e-05   0.0
    gen_stage1[13].u_stage1 (dot_operator_117)
                                       6.61e-05 6.27e-06 1.72e+03 7.41e-05   0.0
    gen_stage1[12].u_stage1 (dot_operator_118)
                                       6.52e-05 6.15e-06 1.72e+03 7.31e-05   0.0
    gen_stage1[11].u_stage1 (dot_operator_119)
                                       6.62e-05 6.28e-06 1.71e+03 7.42e-05   0.0
    gen_stage1[10].u_stage1 (dot_operator_120)
                                       6.50e-05 6.21e-06 1.71e+03 7.29e-05   0.0
    gen_stage1[9].u_stage1 (dot_operator_121)
                                       6.72e-05 6.39e-06 1.71e+03 7.53e-05   0.0
    gen_stage1[8].u_stage1 (dot_operator_122)
                                       6.69e-05 6.34e-06 1.72e+03 7.50e-05   0.0
    gen_stage1[7].u_stage1 (dot_operator_123)
                                       6.57e-05 6.24e-06 1.71e+03 7.36e-05   0.0
    gen_stage1[6].u_stage1 (dot_operator_124)
                                       6.59e-05 6.26e-06 1.71e+03 7.39e-05   0.0
    gen_stage1[5].u_stage1 (dot_operator_125)
                                       6.49e-05 6.21e-06 1.71e+03 7.28e-05   0.0
    gen_stage1[4].u_stage1 (dot_operator_126)
                                       6.78e-05 6.45e-06 1.72e+03 7.60e-05   0.0
    gen_stage1[3].u_stage1 (dot_operator_127)
                                       6.59e-05 6.32e-06 1.72e+03 7.40e-05   0.0
    gen_stage1[2].u_stage1 (dot_operator_128)
                                       6.62e-05 6.29e-06 1.71e+03 7.42e-05   0.0
    gen_stage1[1].u_stage1 (dot_operator_0)
                                       1.36e-04 6.44e-06 1.72e+03 1.44e-04   0.1
    gen_pre_process[31].u_pre (pre_process_1)
                                       6.57e-05 8.61e-06 1.79e+03 7.61e-05   0.0
    gen_pre_process[30].u_pre (pre_process_2)
                                       9.37e-05 8.33e-06 1.79e+03 1.04e-04   0.1
    gen_pre_process[29].u_pre (pre_process_3)
                                       9.26e-05 8.24e-06 1.79e+03 1.03e-04   0.1
    gen_pre_process[28].u_pre (pre_process_4)
                                       9.41e-05 8.38e-06 1.79e+03 1.04e-04   0.1
    gen_pre_process[27].u_pre (pre_process_5)
                                       9.28e-05 8.24e-06 1.79e+03 1.03e-04   0.1
    gen_pre_process[26].u_pre (pre_process_6)
                                       9.25e-05 8.20e-06 1.78e+03 1.02e-04   0.1
    gen_pre_process[25].u_pre (pre_process_7)
                                       9.66e-05 8.61e-06 1.79e+03 1.07e-04   0.1
    gen_pre_process[24].u_pre (pre_process_8)
                                       9.57e-05 8.54e-06 1.79e+03 1.06e-04   0.1
    gen_pre_process[23].u_pre (pre_process_9)
                                       9.19e-05 8.19e-06 1.79e+03 1.02e-04   0.1
    gen_pre_process[22].u_pre (pre_process_10)
                                       9.50e-05 8.45e-06 1.79e+03 1.05e-04   0.1
    gen_pre_process[21].u_pre (pre_process_11)
                                       9.23e-05 8.21e-06 1.79e+03 1.02e-04   0.1
    gen_pre_process[20].u_pre (pre_process_12)
                                       9.43e-05 8.38e-06 1.79e+03 1.04e-04   0.1
    gen_pre_process[19].u_pre (pre_process_13)
                                       9.25e-05 8.24e-06 1.79e+03 1.03e-04   0.1
    gen_pre_process[18].u_pre (pre_process_14)
                                       9.43e-05 8.39e-06 1.79e+03 1.05e-04   0.1
    gen_pre_process[17].u_pre (pre_process_15)
                                       9.21e-05 8.19e-06 1.79e+03 1.02e-04   0.1
    gen_pre_process[16].u_pre (pre_process_16)
                                       9.51e-05 8.46e-06 1.79e+03 1.05e-04   0.1
    gen_pre_process[15].u_pre (pre_process_17)
                                       9.61e-05 8.58e-06 1.79e+03 1.07e-04   0.1
    gen_pre_process[14].u_pre (pre_process_18)
                                       9.53e-05 8.48e-06 1.79e+03 1.06e-04   0.1
    gen_pre_process[13].u_pre (pre_process_19)
                                       9.43e-05 8.39e-06 1.79e+03 1.05e-04   0.1
    gen_pre_process[12].u_pre (pre_process_20)
                                       9.26e-05 8.22e-06 1.79e+03 1.03e-04   0.1
    gen_pre_process[11].u_pre (pre_process_21)
                                       9.36e-05 8.31e-06 1.79e+03 1.04e-04   0.1
    gen_pre_process[10].u_pre (pre_process_22)
                                       9.46e-05 8.42e-06 1.79e+03 1.05e-04   0.1
    gen_pre_process[9].u_pre (pre_process_23)
                                       9.45e-05 8.43e-06 1.79e+03 1.05e-04   0.1
    gen_pre_process[8].u_pre (pre_process_24)
                                       9.67e-05 8.60e-06 1.79e+03 1.07e-04   0.1
    gen_pre_process[7].u_pre (pre_process_25)
                                       9.27e-05 8.23e-06 1.79e+03 1.03e-04   0.1
    gen_pre_process[6].u_pre (pre_process_26)
                                       9.56e-05 8.49e-06 1.79e+03 1.06e-04   0.1
    gen_pre_process[5].u_pre (pre_process_27)
                                       9.18e-05 8.17e-06 1.79e+03 1.02e-04   0.1
    gen_pre_process[4].u_pre (pre_process_28)
                                       9.63e-05 8.60e-06 1.79e+03 1.07e-04   0.1
    gen_pre_process[3].u_pre (pre_process_29)
                                       9.61e-05 8.56e-06 1.79e+03 1.06e-04   0.1
    gen_pre_process[2].u_pre (pre_process_30)
                                       9.63e-05 8.56e-06 1.79e+03 1.07e-04   0.1
    gen_pre_process[1].u_pre (pre_process_31)
                                       9.40e-05 8.37e-06 1.79e+03 1.04e-04   0.1
    gen_pre_process[0].u_pre (pre_process_0)
                                       2.11e-04 8.44e-06 1.79e+03 2.21e-04   0.1
  async_fifo (ASYNC_FIFO_DATA_WIDTH32_FIFO_DEPTH16)
                                       4.57e-02 9.40e-02 2.30e+06    0.142  88.3
    u_mem (DUAL_PORT_MEM_DATA_WIDTH32_FIFO_DEPTH16)
                                       4.19e-02 8.82e-02 2.16e+06    0.132  82.2
    u_sync_r2w (SYNCHRONIZER_SYNC_WIDTH5_1)
                                       2.83e-04 1.60e-03 2.51e+04 1.91e-03   1.2
    u_sync_w2r (SYNCHRONIZER_SYNC_WIDTH5_0)
                                       2.70e-04 1.64e-03 2.52e+04 1.93e-03   1.2
    u_read_ptr (READ_PTR_FIFO_DEPTH16) 1.09e-03 8.99e-04 3.42e+04 2.03e-03   1.3
      rbin2gray (binary_to_gray_converter_FIFO_DEPTH16_1)
                                       9.31e-05 1.30e-05 4.58e+03 1.11e-04   0.1
    u_write_ptr (WRITE_PTR_FIFO_DEPTH16)
                                       1.93e-03 1.70e-03 5.32e+04 3.68e-03   2.3
      Wbin2gray (binary_to_gray_converter_FIFO_DEPTH16_0)
                                       8.76e-05 1.68e-05 4.64e+03 1.09e-04   0.1
1
