 
****************************************
Report : area
Design : Kogge_Stone_32Bits
Version: O-2018.06-SP5
Date   : Thu May 14 00:22:34 2026
****************************************

Information: Updating design information... (UID-85)
Library(s) Used:

    saed14rvt_base_ss0p72v125c (File: /home/abdelazeem/Desktop/CIM_GP/libs/saed14rvt_base_ss0p72v125c.db)

Number of ports:                         1229
Number of nets:                          1699
Number of cells:                          730
Number of combinational cells:            470
Number of sequential cells:                35
Number of macros/black boxes:               0
Number of buf/inv:                         47
Number of references:                     234

Combinational area:                168.941998
Buf/Inv area:                       11.899200
Noncombinational area:              37.296001
Macro/Black Box area:                0.000000
Net Interconnect area:             232.124565

Total cell area:                   206.238000
Total area:                        438.362564

Hierarchical area distribution
------------------------------

                                  Global cell area          Local cell area
                                  ------------------  --------------------------- 
Hierarchical cell                 Absolute   Percent  Combi-    Noncombi-  Black-
                                  Total      Total    national  national   boxes   Design
--------------------------------  ---------  -------  --------  ---------  ------  ----------------
Kogge_Stone_32Bits                 206.2380    100.0   30.4584    37.2960  0.0000  Kogge_Stone_32Bits
gen_carry_calc[0].u_carry_calc       0.3552      0.2    0.3552     0.0000  0.0000  calc_carry_0
gen_carry_calc[10].u_carry_calc      0.3552      0.2    0.3552     0.0000  0.0000  calc_carry_22
gen_carry_calc[11].u_carry_calc      0.3552      0.2    0.3552     0.0000  0.0000  calc_carry_21
gen_carry_calc[12].u_carry_calc      0.3552      0.2    0.3552     0.0000  0.0000  calc_carry_20
gen_carry_calc[13].u_carry_calc      0.3552      0.2    0.3552     0.0000  0.0000  calc_carry_19
gen_carry_calc[14].u_carry_calc      0.3552      0.2    0.3552     0.0000  0.0000  calc_carry_18
gen_carry_calc[15].u_carry_calc      0.3552      0.2    0.3552     0.0000  0.0000  calc_carry_17
gen_carry_calc[16].u_carry_calc      0.3552      0.2    0.3552     0.0000  0.0000  calc_carry_16
gen_carry_calc[17].u_carry_calc      0.3552      0.2    0.3552     0.0000  0.0000  calc_carry_15
gen_carry_calc[18].u_carry_calc      0.3552      0.2    0.3552     0.0000  0.0000  calc_carry_14
gen_carry_calc[19].u_carry_calc      0.3552      0.2    0.3552     0.0000  0.0000  calc_carry_13
gen_carry_calc[1].u_carry_calc       0.3552      0.2    0.3552     0.0000  0.0000  calc_carry_31
gen_carry_calc[20].u_carry_calc      0.3552      0.2    0.3552     0.0000  0.0000  calc_carry_12
gen_carry_calc[21].u_carry_calc      0.3552      0.2    0.3552     0.0000  0.0000  calc_carry_11
gen_carry_calc[22].u_carry_calc      0.3552      0.2    0.3552     0.0000  0.0000  calc_carry_10
gen_carry_calc[23].u_carry_calc      0.3552      0.2    0.3552     0.0000  0.0000  calc_carry_9
gen_carry_calc[24].u_carry_calc      0.3552      0.2    0.3552     0.0000  0.0000  calc_carry_8
gen_carry_calc[25].u_carry_calc      0.3552      0.2    0.3552     0.0000  0.0000  calc_carry_7
gen_carry_calc[26].u_carry_calc      0.3552      0.2    0.3552     0.0000  0.0000  calc_carry_6
gen_carry_calc[27].u_carry_calc      0.3552      0.2    0.3552     0.0000  0.0000  calc_carry_5
gen_carry_calc[28].u_carry_calc      0.3552      0.2    0.3552     0.0000  0.0000  calc_carry_4
gen_carry_calc[29].u_carry_calc      0.3552      0.2    0.3552     0.0000  0.0000  calc_carry_3
gen_carry_calc[2].u_carry_calc       0.3552      0.2    0.3552     0.0000  0.0000  calc_carry_30
gen_carry_calc[30].u_carry_calc      0.3552      0.2    0.3552     0.0000  0.0000  calc_carry_2
gen_carry_calc[31].u_carry_calc      0.3552      0.2    0.3552     0.0000  0.0000  calc_carry_1
gen_carry_calc[3].u_carry_calc       0.3552      0.2    0.3552     0.0000  0.0000  calc_carry_29
gen_carry_calc[4].u_carry_calc       0.3552      0.2    0.3552     0.0000  0.0000  calc_carry_28
gen_carry_calc[5].u_carry_calc       0.3552      0.2    0.3552     0.0000  0.0000  calc_carry_27
gen_carry_calc[6].u_carry_calc       0.3552      0.2    0.3552     0.0000  0.0000  calc_carry_26
gen_carry_calc[7].u_carry_calc       0.3552      0.2    0.3552     0.0000  0.0000  calc_carry_25
gen_carry_calc[8].u_carry_calc       0.3552      0.2    0.3552     0.0000  0.0000  calc_carry_24
gen_carry_calc[9].u_carry_calc       0.3552      0.2    0.3552     0.0000  0.0000  calc_carry_23
gen_post_process[0].u_post_process
                                     0.4884      0.2    0.4884     0.0000  0.0000  post_process_0
gen_post_process[10].u_post_process
                                     0.4884      0.2    0.4884     0.0000  0.0000  post_process_22
gen_post_process[11].u_post_process
                                     0.4884      0.2    0.4884     0.0000  0.0000  post_process_21
gen_post_process[12].u_post_process
                                     0.4884      0.2    0.4884     0.0000  0.0000  post_process_20
gen_post_process[13].u_post_process
                                     0.4884      0.2    0.4884     0.0000  0.0000  post_process_19
gen_post_process[14].u_post_process
                                     0.4884      0.2    0.4884     0.0000  0.0000  post_process_18
gen_post_process[15].u_post_process
                                     0.4884      0.2    0.4884     0.0000  0.0000  post_process_17
gen_post_process[16].u_post_process
                                     0.4884      0.2    0.4884     0.0000  0.0000  post_process_16
gen_post_process[17].u_post_process
                                     0.4884      0.2    0.4884     0.0000  0.0000  post_process_15
gen_post_process[18].u_post_process
                                     0.4884      0.2    0.4884     0.0000  0.0000  post_process_14
gen_post_process[19].u_post_process
                                     0.4884      0.2    0.4884     0.0000  0.0000  post_process_13
gen_post_process[1].u_post_process
                                     0.4884      0.2    0.4884     0.0000  0.0000  post_process_31
gen_post_process[20].u_post_process
                                     0.4884      0.2    0.4884     0.0000  0.0000  post_process_12
gen_post_process[21].u_post_process
                                     0.4884      0.2    0.4884     0.0000  0.0000  post_process_11
gen_post_process[22].u_post_process
                                     0.4884      0.2    0.4884     0.0000  0.0000  post_process_10
gen_post_process[23].u_post_process
                                     0.4884      0.2    0.4884     0.0000  0.0000  post_process_9
gen_post_process[24].u_post_process
                                     0.4884      0.2    0.4884     0.0000  0.0000  post_process_8
gen_post_process[25].u_post_process
                                     0.4884      0.2    0.4884     0.0000  0.0000  post_process_7
gen_post_process[26].u_post_process
                                     0.4884      0.2    0.4884     0.0000  0.0000  post_process_6
gen_post_process[27].u_post_process
                                     0.4884      0.2    0.4884     0.0000  0.0000  post_process_5
gen_post_process[28].u_post_process
                                     0.4884      0.2    0.4884     0.0000  0.0000  post_process_4
gen_post_process[29].u_post_process
                                     0.4884      0.2    0.4884     0.0000  0.0000  post_process_3
gen_post_process[2].u_post_process
                                     0.4884      0.2    0.4884     0.0000  0.0000  post_process_30
gen_post_process[30].u_post_process
                                     0.4884      0.2    0.4884     0.0000  0.0000  post_process_2
gen_post_process[31].u_post_process
                                     0.4884      0.2    0.4884     0.0000  0.0000  post_process_1
gen_post_process[3].u_post_process
                                     0.4884      0.2    0.4884     0.0000  0.0000  post_process_29
gen_post_process[4].u_post_process
                                     0.4884      0.2    0.4884     0.0000  0.0000  post_process_28
gen_post_process[5].u_post_process
                                     0.4884      0.2    0.4884     0.0000  0.0000  post_process_27
gen_post_process[6].u_post_process
                                     0.4884      0.2    0.4884     0.0000  0.0000  post_process_26
gen_post_process[7].u_post_process
                                     0.4884      0.2    0.4884     0.0000  0.0000  post_process_25
gen_post_process[8].u_post_process
                                     0.4884      0.2    0.4884     0.0000  0.0000  post_process_24
gen_post_process[9].u_post_process
                                     0.4884      0.2    0.4884     0.0000  0.0000  post_process_23
gen_pre_process[0].u_pre             0.7992      0.4    0.7992     0.0000  0.0000  pre_process_0
gen_pre_process[10].u_pre            0.7992      0.4    0.7992     0.0000  0.0000  pre_process_22
gen_pre_process[11].u_pre            0.7992      0.4    0.7992     0.0000  0.0000  pre_process_21
gen_pre_process[12].u_pre            0.7992      0.4    0.7992     0.0000  0.0000  pre_process_20
gen_pre_process[13].u_pre            0.7992      0.4    0.7992     0.0000  0.0000  pre_process_19
gen_pre_process[14].u_pre            0.7992      0.4    0.7992     0.0000  0.0000  pre_process_18
gen_pre_process[15].u_pre            0.7992      0.4    0.7992     0.0000  0.0000  pre_process_17
gen_pre_process[16].u_pre            0.7992      0.4    0.7992     0.0000  0.0000  pre_process_16
gen_pre_process[17].u_pre            0.7992      0.4    0.7992     0.0000  0.0000  pre_process_15
gen_pre_process[18].u_pre            0.7992      0.4    0.7992     0.0000  0.0000  pre_process_14
gen_pre_process[19].u_pre            0.7992      0.4    0.7992     0.0000  0.0000  pre_process_13
gen_pre_process[1].u_pre             0.7992      0.4    0.7992     0.0000  0.0000  pre_process_31
gen_pre_process[20].u_pre            0.7992      0.4    0.7992     0.0000  0.0000  pre_process_12
gen_pre_process[21].u_pre            0.7992      0.4    0.7992     0.0000  0.0000  pre_process_11
gen_pre_process[22].u_pre            0.7992      0.4    0.7992     0.0000  0.0000  pre_process_10
gen_pre_process[23].u_pre            0.7992      0.4    0.7992     0.0000  0.0000  pre_process_9
gen_pre_process[24].u_pre            0.7992      0.4    0.7992     0.0000  0.0000  pre_process_8
gen_pre_process[25].u_pre            0.7992      0.4    0.7992     0.0000  0.0000  pre_process_7
gen_pre_process[26].u_pre            0.7992      0.4    0.7992     0.0000  0.0000  pre_process_6
gen_pre_process[27].u_pre            0.7992      0.4    0.7992     0.0000  0.0000  pre_process_5
gen_pre_process[28].u_pre            0.7992      0.4    0.7992     0.0000  0.0000  pre_process_4
gen_pre_process[29].u_pre            0.7992      0.4    0.7992     0.0000  0.0000  pre_process_3
gen_pre_process[2].u_pre             0.7992      0.4    0.7992     0.0000  0.0000  pre_process_30
gen_pre_process[30].u_pre            0.7992      0.4    0.7992     0.0000  0.0000  pre_process_2
gen_pre_process[31].u_pre            0.7992      0.4    0.7992     0.0000  0.0000  pre_process_1
gen_pre_process[3].u_pre             0.7992      0.4    0.7992     0.0000  0.0000  pre_process_29
gen_pre_process[4].u_pre             0.7992      0.4    0.7992     0.0000  0.0000  pre_process_28
gen_pre_process[5].u_pre             0.7992      0.4    0.7992     0.0000  0.0000  pre_process_27
gen_pre_process[6].u_pre             0.7992      0.4    0.7992     0.0000  0.0000  pre_process_26
gen_pre_process[7].u_pre             0.7992      0.4    0.7992     0.0000  0.0000  pre_process_25
gen_pre_process[8].u_pre             0.7992      0.4    0.7992     0.0000  0.0000  pre_process_24
gen_pre_process[9].u_pre             0.7992      0.4    0.7992     0.0000  0.0000  pre_process_23
gen_stage1[10].u_stage1              0.6660      0.3    0.6660     0.0000  0.0000  dot_operator_120
gen_stage1[11].u_stage1              0.6660      0.3    0.6660     0.0000  0.0000  dot_operator_119
gen_stage1[12].u_stage1              0.6660      0.3    0.6660     0.0000  0.0000  dot_operator_118
gen_stage1[13].u_stage1              0.6660      0.3    0.6660     0.0000  0.0000  dot_operator_117
gen_stage1[14].u_stage1              0.6660      0.3    0.6660     0.0000  0.0000  dot_operator_116
gen_stage1[15].u_stage1              0.6660      0.3    0.6660     0.0000  0.0000  dot_operator_115
gen_stage1[16].u_stage1              0.6660      0.3    0.6660     0.0000  0.0000  dot_operator_114
gen_stage1[17].u_stage1              0.6660      0.3    0.6660     0.0000  0.0000  dot_operator_113
gen_stage1[18].u_stage1              0.6660      0.3    0.6660     0.0000  0.0000  dot_operator_112
gen_stage1[19].u_stage1              0.6660      0.3    0.6660     0.0000  0.0000  dot_operator_111
gen_stage1[1].u_stage1               0.6660      0.3    0.6660     0.0000  0.0000  dot_operator_0
gen_stage1[20].u_stage1              0.6660      0.3    0.6660     0.0000  0.0000  dot_operator_110
gen_stage1[21].u_stage1              0.6660      0.3    0.6660     0.0000  0.0000  dot_operator_109
gen_stage1[22].u_stage1              0.6660      0.3    0.6660     0.0000  0.0000  dot_operator_108
gen_stage1[23].u_stage1              0.6660      0.3    0.6660     0.0000  0.0000  dot_operator_107
gen_stage1[24].u_stage1              0.6660      0.3    0.6660     0.0000  0.0000  dot_operator_106
gen_stage1[25].u_stage1              0.6660      0.3    0.6660     0.0000  0.0000  dot_operator_105
gen_stage1[26].u_stage1              0.6660      0.3    0.6660     0.0000  0.0000  dot_operator_104
gen_stage1[27].u_stage1              0.6660      0.3    0.6660     0.0000  0.0000  dot_operator_103
gen_stage1[28].u_stage1              0.6660      0.3    0.6660     0.0000  0.0000  dot_operator_102
gen_stage1[29].u_stage1              0.6660      0.3    0.6660     0.0000  0.0000  dot_operator_101
gen_stage1[2].u_stage1               0.6660      0.3    0.6660     0.0000  0.0000  dot_operator_128
gen_stage1[30].u_stage1              0.6660      0.3    0.6660     0.0000  0.0000  dot_operator_100
gen_stage1[31].u_stage1              0.6660      0.3    0.6660     0.0000  0.0000  dot_operator_99
gen_stage1[3].u_stage1               0.6660      0.3    0.6660     0.0000  0.0000  dot_operator_127
gen_stage1[4].u_stage1               0.6660      0.3    0.6660     0.0000  0.0000  dot_operator_126
gen_stage1[5].u_stage1               0.6660      0.3    0.6660     0.0000  0.0000  dot_operator_125
gen_stage1[6].u_stage1               0.6660      0.3    0.6660     0.0000  0.0000  dot_operator_124
gen_stage1[7].u_stage1               0.6660      0.3    0.6660     0.0000  0.0000  dot_operator_123
gen_stage1[8].u_stage1               0.6660      0.3    0.6660     0.0000  0.0000  dot_operator_122
gen_stage1[9].u_stage1               0.6660      0.3    0.6660     0.0000  0.0000  dot_operator_121
gen_stage2[10].u_stage2              0.6660      0.3    0.6660     0.0000  0.0000  dot_operator_90
gen_stage2[11].u_stage2              0.6660      0.3    0.6660     0.0000  0.0000  dot_operator_89
gen_stage2[12].u_stage2              0.6660      0.3    0.6660     0.0000  0.0000  dot_operator_88
gen_stage2[13].u_stage2              0.6660      0.3    0.6660     0.0000  0.0000  dot_operator_87
gen_stage2[14].u_stage2              0.6660      0.3    0.6660     0.0000  0.0000  dot_operator_86
gen_stage2[15].u_stage2              0.6660      0.3    0.6660     0.0000  0.0000  dot_operator_85
gen_stage2[16].u_stage2              0.6660      0.3    0.6660     0.0000  0.0000  dot_operator_84
gen_stage2[17].u_stage2              0.6660      0.3    0.6660     0.0000  0.0000  dot_operator_83
gen_stage2[18].u_stage2              0.6660      0.3    0.6660     0.0000  0.0000  dot_operator_82
gen_stage2[19].u_stage2              0.6660      0.3    0.6660     0.0000  0.0000  dot_operator_81
gen_stage2[20].u_stage2              0.6660      0.3    0.6660     0.0000  0.0000  dot_operator_80
gen_stage2[21].u_stage2              0.6660      0.3    0.6660     0.0000  0.0000  dot_operator_79
gen_stage2[22].u_stage2              0.6660      0.3    0.6660     0.0000  0.0000  dot_operator_78
gen_stage2[23].u_stage2              0.6660      0.3    0.6660     0.0000  0.0000  dot_operator_77
gen_stage2[24].u_stage2              0.6660      0.3    0.6660     0.0000  0.0000  dot_operator_76
gen_stage2[25].u_stage2              0.6660      0.3    0.6660     0.0000  0.0000  dot_operator_75
gen_stage2[26].u_stage2              0.6660      0.3    0.6660     0.0000  0.0000  dot_operator_74
gen_stage2[27].u_stage2              0.6660      0.3    0.6660     0.0000  0.0000  dot_operator_73
gen_stage2[28].u_stage2              0.6660      0.3    0.6660     0.0000  0.0000  dot_operator_72
gen_stage2[29].u_stage2              0.6660      0.3    0.6660     0.0000  0.0000  dot_operator_71
gen_stage2[2].u_stage2               0.6660      0.3    0.6660     0.0000  0.0000  dot_operator_98
gen_stage2[30].u_stage2              0.6660      0.3    0.6660     0.0000  0.0000  dot_operator_70
gen_stage2[31].u_stage2              0.6660      0.3    0.6660     0.0000  0.0000  dot_operator_69
gen_stage2[3].u_stage2               0.6660      0.3    0.6660     0.0000  0.0000  dot_operator_97
gen_stage2[4].u_stage2               0.6660      0.3    0.6660     0.0000  0.0000  dot_operator_96
gen_stage2[5].u_stage2               0.6660      0.3    0.6660     0.0000  0.0000  dot_operator_95
gen_stage2[6].u_stage2               0.6660      0.3    0.6660     0.0000  0.0000  dot_operator_94
gen_stage2[7].u_stage2               0.6660      0.3    0.6660     0.0000  0.0000  dot_operator_93
gen_stage2[8].u_stage2               0.6660      0.3    0.6660     0.0000  0.0000  dot_operator_92
gen_stage2[9].u_stage2               0.6660      0.3    0.6660     0.0000  0.0000  dot_operator_91
gen_stage3[10].u_stage3              0.6660      0.3    0.6660     0.0000  0.0000  dot_operator_62
gen_stage3[11].u_stage3              0.6660      0.3    0.6660     0.0000  0.0000  dot_operator_61
gen_stage3[12].u_stage3              0.6660      0.3    0.6660     0.0000  0.0000  dot_operator_60
gen_stage3[13].u_stage3              0.6660      0.3    0.6660     0.0000  0.0000  dot_operator_59
gen_stage3[14].u_stage3              0.6660      0.3    0.6660     0.0000  0.0000  dot_operator_58
gen_stage3[15].u_stage3              0.6660      0.3    0.6660     0.0000  0.0000  dot_operator_57
gen_stage3[16].u_stage3              0.6660      0.3    0.6660     0.0000  0.0000  dot_operator_56
gen_stage3[17].u_stage3              0.6660      0.3    0.6660     0.0000  0.0000  dot_operator_55
gen_stage3[18].u_stage3              0.6660      0.3    0.6660     0.0000  0.0000  dot_operator_54
gen_stage3[19].u_stage3              0.6660      0.3    0.6660     0.0000  0.0000  dot_operator_53
gen_stage3[20].u_stage3              0.6660      0.3    0.6660     0.0000  0.0000  dot_operator_52
gen_stage3[21].u_stage3              0.6660      0.3    0.6660     0.0000  0.0000  dot_operator_51
gen_stage3[22].u_stage3              0.6660      0.3    0.6660     0.0000  0.0000  dot_operator_50
gen_stage3[23].u_stage3              0.6660      0.3    0.6660     0.0000  0.0000  dot_operator_49
gen_stage3[24].u_stage3              0.6660      0.3    0.6660     0.0000  0.0000  dot_operator_48
gen_stage3[25].u_stage3              0.6660      0.3    0.6660     0.0000  0.0000  dot_operator_47
gen_stage3[26].u_stage3              0.6660      0.3    0.6660     0.0000  0.0000  dot_operator_46
gen_stage3[27].u_stage3              0.6660      0.3    0.6660     0.0000  0.0000  dot_operator_45
gen_stage3[28].u_stage3              0.6660      0.3    0.6660     0.0000  0.0000  dot_operator_44
gen_stage3[29].u_stage3              0.6660      0.3    0.6660     0.0000  0.0000  dot_operator_43
gen_stage3[30].u_stage3              0.6660      0.3    0.6660     0.0000  0.0000  dot_operator_42
gen_stage3[31].u_stage3              0.6660      0.3    0.6660     0.0000  0.0000  dot_operator_41
gen_stage3[4].u_stage3               0.6660      0.3    0.6660     0.0000  0.0000  dot_operator_68
gen_stage3[5].u_stage3               0.6660      0.3    0.6660     0.0000  0.0000  dot_operator_67
gen_stage3[6].u_stage3               0.6660      0.3    0.6660     0.0000  0.0000  dot_operator_66
gen_stage3[7].u_stage3               0.6660      0.3    0.6660     0.0000  0.0000  dot_operator_65
gen_stage3[8].u_stage3               0.6660      0.3    0.6660     0.0000  0.0000  dot_operator_64
gen_stage3[9].u_stage3               0.6660      0.3    0.6660     0.0000  0.0000  dot_operator_63
gen_stage4[10].u_stage4              0.6660      0.3    0.6660     0.0000  0.0000  dot_operator_38
gen_stage4[11].u_stage4              0.6660      0.3    0.6660     0.0000  0.0000  dot_operator_37
gen_stage4[12].u_stage4              0.6660      0.3    0.6660     0.0000  0.0000  dot_operator_36
gen_stage4[13].u_stage4              0.6660      0.3    0.6660     0.0000  0.0000  dot_operator_35
gen_stage4[14].u_stage4              0.6660      0.3    0.6660     0.0000  0.0000  dot_operator_34
gen_stage4[15].u_stage4              0.6660      0.3    0.6660     0.0000  0.0000  dot_operator_33
gen_stage4[16].u_stage4              0.6660      0.3    0.6660     0.0000  0.0000  dot_operator_32
gen_stage4[17].u_stage4              0.6660      0.3    0.6660     0.0000  0.0000  dot_operator_31
gen_stage4[18].u_stage4              0.6660      0.3    0.6660     0.0000  0.0000  dot_operator_30
gen_stage4[19].u_stage4              0.6660      0.3    0.6660     0.0000  0.0000  dot_operator_29
gen_stage4[20].u_stage4              0.6660      0.3    0.6660     0.0000  0.0000  dot_operator_28
gen_stage4[21].u_stage4              0.6660      0.3    0.6660     0.0000  0.0000  dot_operator_27
gen_stage4[22].u_stage4              0.6660      0.3    0.6660     0.0000  0.0000  dot_operator_26
gen_stage4[23].u_stage4              0.6660      0.3    0.6660     0.0000  0.0000  dot_operator_25
gen_stage4[24].u_stage4              0.6660      0.3    0.6660     0.0000  0.0000  dot_operator_24
gen_stage4[25].u_stage4              0.6660      0.3    0.6660     0.0000  0.0000  dot_operator_23
gen_stage4[26].u_stage4              0.6660      0.3    0.6660     0.0000  0.0000  dot_operator_22
gen_stage4[27].u_stage4              0.6660      0.3    0.6660     0.0000  0.0000  dot_operator_21
gen_stage4[28].u_stage4              0.6660      0.3    0.6660     0.0000  0.0000  dot_operator_20
gen_stage4[29].u_stage4              0.6660      0.3    0.6660     0.0000  0.0000  dot_operator_19
gen_stage4[30].u_stage4              0.6660      0.3    0.6660     0.0000  0.0000  dot_operator_18
gen_stage4[31].u_stage4              0.6660      0.3    0.6660     0.0000  0.0000  dot_operator_17
gen_stage4[8].u_stage4               0.6660      0.3    0.6660     0.0000  0.0000  dot_operator_40
gen_stage4[9].u_stage4               0.6660      0.3    0.6660     0.0000  0.0000  dot_operator_39
gen_stage5[16].u_stage5              0.6660      0.3    0.6660     0.0000  0.0000  dot_operator_16
gen_stage5[17].u_stage5              0.6660      0.3    0.6660     0.0000  0.0000  dot_operator_15
gen_stage5[18].u_stage5              0.6660      0.3    0.6660     0.0000  0.0000  dot_operator_14
gen_stage5[19].u_stage5              0.6660      0.3    0.6660     0.0000  0.0000  dot_operator_13
gen_stage5[20].u_stage5              0.6660      0.3    0.6660     0.0000  0.0000  dot_operator_12
gen_stage5[21].u_stage5              0.6660      0.3    0.6660     0.0000  0.0000  dot_operator_11
gen_stage5[22].u_stage5              0.6660      0.3    0.6660     0.0000  0.0000  dot_operator_10
gen_stage5[23].u_stage5              0.6660      0.3    0.6660     0.0000  0.0000  dot_operator_9
gen_stage5[24].u_stage5              0.6660      0.3    0.6660     0.0000  0.0000  dot_operator_8
gen_stage5[25].u_stage5              0.6660      0.3    0.6660     0.0000  0.0000  dot_operator_7
gen_stage5[26].u_stage5              0.6660      0.3    0.6660     0.0000  0.0000  dot_operator_6
gen_stage5[27].u_stage5              0.6660      0.3    0.6660     0.0000  0.0000  dot_operator_5
gen_stage5[28].u_stage5              0.6660      0.3    0.6660     0.0000  0.0000  dot_operator_4
gen_stage5[29].u_stage5              0.6660      0.3    0.6660     0.0000  0.0000  dot_operator_3
gen_stage5[30].u_stage5              0.6660      0.3    0.6660     0.0000  0.0000  dot_operator_2
gen_stage5[31].u_stage5              0.6660      0.3    0.6660     0.0000  0.0000  dot_operator_1
--------------------------------  ---------  -------  --------  ---------  ------  ----------------
Total                                                 168.9420    37.2960  0.0000

1
