Loading db file '/home/abdelazeem/Desktop/CIM_GP/libs/saed14rvt_base_ss0p72v125c.db'
Information: Propagating switching activity (low effort zero delay simulation). (PWR-6)
Warning: Design has unannotated primary inputs. (PWR-414)
Warning: Design has unannotated sequential cell outputs. (PWR-415)
 
****************************************
Report : power
        -hier
        -analysis_effort low
Design : Kogge_Stone_32Bits
Version: O-2018.06-SP5
Date   : Thu May 14 00:22:41 2026
****************************************


Library(s) Used:

    saed14rvt_base_ss0p72v125c (File: /home/abdelazeem/Desktop/CIM_GP/libs/saed14rvt_base_ss0p72v125c.db)


Operating Conditions: ss0p72v125c   Library: saed14rvt_base_ss0p72v125c
Wire Load Model Mode: top

Design        Wire Load Model            Library
------------------------------------------------
Kogge_Stone_32Bits     8000              saed14rvt_base_ss0p72v125c


Global Operating Voltage = 0.72 
Power-specific unit information :
    Voltage Units = 1V
    Capacitance Units = 1.000000pf
    Time Units = 1ns
    Dynamic Power Units = 1mW    (derived from V,C,T units)
    Leakage Power Units = 1pW


--------------------------------------------------------------------------------
                                       Switch   Int      Leak     Total
Hierarchy                              Power    Power    Power    Power    %
--------------------------------------------------------------------------------
Kogge_Stone_32Bits                     2.08e-02 9.29e-03 4.65e+05 3.06e-02 100.0
  gen_post_process[31].u_post_process (post_process_1)
                                       9.27e-05 1.90e-05 1.29e+03 1.13e-04   0.4
  gen_post_process[30].u_post_process (post_process_2)
                                       4.11e-05 1.95e-05 1.29e+03 6.19e-05   0.2
  gen_post_process[29].u_post_process (post_process_3)
                                       4.13e-05 1.96e-05 1.29e+03 6.22e-05   0.2
  gen_post_process[28].u_post_process (post_process_4)
                                       4.13e-05 1.96e-05 1.29e+03 6.21e-05   0.2
  gen_post_process[27].u_post_process (post_process_5)
                                       4.12e-05 1.95e-05 1.29e+03 6.20e-05   0.2
  gen_post_process[26].u_post_process (post_process_6)
                                       4.19e-05 1.99e-05 1.29e+03 6.31e-05   0.2
  gen_post_process[25].u_post_process (post_process_7)
                                       4.17e-05 1.98e-05 1.29e+03 6.28e-05   0.2
  gen_post_process[24].u_post_process (post_process_8)
                                       4.14e-05 1.96e-05 1.29e+03 6.23e-05   0.2
  gen_post_process[23].u_post_process (post_process_9)
                                       4.14e-05 1.96e-05 1.29e+03 6.24e-05   0.2
  gen_post_process[22].u_post_process (post_process_10)
                                       4.13e-05 1.96e-05 1.29e+03 6.22e-05   0.2
  gen_post_process[21].u_post_process (post_process_11)
                                       4.08e-05 1.93e-05 1.29e+03 6.14e-05   0.2
  gen_post_process[20].u_post_process (post_process_12)
                                       4.11e-05 1.95e-05 1.29e+03 6.19e-05   0.2
  gen_post_process[19].u_post_process (post_process_13)
                                       4.15e-05 1.97e-05 1.29e+03 6.25e-05   0.2
  gen_post_process[18].u_post_process (post_process_14)
                                       4.14e-05 1.96e-05 1.29e+03 6.23e-05   0.2
  gen_post_process[17].u_post_process (post_process_15)
                                       4.12e-05 1.95e-05 1.29e+03 6.21e-05   0.2
  gen_post_process[16].u_post_process (post_process_16)
                                       4.08e-05 1.93e-05 1.29e+03 6.14e-05   0.2
  gen_post_process[15].u_post_process (post_process_17)
                                       4.11e-05 1.95e-05 1.29e+03 6.18e-05   0.2
  gen_post_process[14].u_post_process (post_process_18)
                                       4.10e-05 1.94e-05 1.29e+03 6.17e-05   0.2
  gen_post_process[13].u_post_process (post_process_19)
                                       4.11e-05 1.95e-05 1.29e+03 6.19e-05   0.2
  gen_post_process[12].u_post_process (post_process_20)
                                       4.09e-05 1.94e-05 1.29e+03 6.16e-05   0.2
  gen_post_process[11].u_post_process (post_process_21)
                                       4.13e-05 1.96e-05 1.29e+03 6.22e-05   0.2
  gen_post_process[10].u_post_process (post_process_22)
                                       4.09e-05 1.94e-05 1.29e+03 6.16e-05   0.2
  gen_post_process[9].u_post_process (post_process_23)
                                       4.13e-05 1.95e-05 1.29e+03 6.21e-05   0.2
  gen_post_process[8].u_post_process (post_process_24)
                                       4.16e-05 1.97e-05 1.29e+03 6.25e-05   0.2
  gen_post_process[7].u_post_process (post_process_25)
                                       4.09e-05 1.94e-05 1.29e+03 6.17e-05   0.2
  gen_post_process[6].u_post_process (post_process_26)
                                       4.11e-05 1.95e-05 1.29e+03 6.19e-05   0.2
  gen_post_process[5].u_post_process (post_process_27)
                                       4.13e-05 1.96e-05 1.29e+03 6.22e-05   0.2
  gen_post_process[4].u_post_process (post_process_28)
                                       4.01e-05 1.90e-05 1.29e+03 6.05e-05   0.2
  gen_post_process[3].u_post_process (post_process_29)
                                       4.01e-05 1.90e-05 1.29e+03 6.04e-05   0.2
  gen_post_process[2].u_post_process (post_process_30)
                                       3.97e-05 1.88e-05 1.29e+03 5.98e-05   0.2
  gen_post_process[1].u_post_process (post_process_31)
                                       3.77e-05 1.78e-05 1.29e+03 5.68e-05   0.2
  gen_post_process[0].u_post_process (post_process_0)
                                       3.35e-05 1.72e-05 1.29e+03 5.20e-05   0.2
  gen_carry_calc[31].u_carry_calc (calc_carry_1)
                                       2.17e-05 6.31e-06  933.276 2.89e-05   0.1
  gen_carry_calc[30].u_carry_calc (calc_carry_2)
                                       2.13e-05 6.32e-06  933.139 2.86e-05   0.1
  gen_carry_calc[29].u_carry_calc (calc_carry_3)
                                       2.21e-05 6.54e-06  932.732 2.96e-05   0.1
  gen_carry_calc[28].u_carry_calc (calc_carry_4)
                                       2.18e-05 6.47e-06  932.017 2.92e-05   0.1
  gen_carry_calc[27].u_carry_calc (calc_carry_5)
                                       2.17e-05 6.43e-06  932.192 2.91e-05   0.1
  gen_carry_calc[26].u_carry_calc (calc_carry_6)
                                       2.21e-05 6.54e-06  932.128 2.96e-05   0.1
  gen_carry_calc[25].u_carry_calc (calc_carry_7)
                                       2.21e-05 6.56e-06  933.293 2.96e-05   0.1
  gen_carry_calc[24].u_carry_calc (calc_carry_8)
                                       2.19e-05 6.50e-06  932.966 2.94e-05   0.1
  gen_carry_calc[23].u_carry_calc (calc_carry_9)
                                       2.24e-05 6.63e-06  932.263 2.99e-05   0.1
  gen_carry_calc[22].u_carry_calc (calc_carry_10)
                                       2.22e-05 6.58e-06  934.208 2.97e-05   0.1
  gen_carry_calc[21].u_carry_calc (calc_carry_11)
                                       2.18e-05 6.47e-06  933.056 2.92e-05   0.1
  gen_carry_calc[20].u_carry_calc (calc_carry_12)
                                       2.16e-05 6.41e-06  934.263 2.90e-05   0.1
  gen_carry_calc[19].u_carry_calc (calc_carry_13)
                                       2.16e-05 6.41e-06  933.090 2.90e-05   0.1
  gen_carry_calc[18].u_carry_calc (calc_carry_14)
                                       2.16e-05 6.41e-06  932.052 2.90e-05   0.1
  gen_carry_calc[17].u_carry_calc (calc_carry_15)
                                       2.18e-05 6.47e-06  932.059 2.92e-05   0.1
  gen_carry_calc[16].u_carry_calc (calc_carry_16)
                                       2.18e-05 6.47e-06  933.313 2.92e-05   0.1
  gen_carry_calc[15].u_carry_calc (calc_carry_17)
                                       2.16e-05 6.47e-06  934.138 2.90e-05   0.1
  gen_carry_calc[14].u_carry_calc (calc_carry_18)
                                       2.15e-05 6.44e-06  932.339 2.89e-05   0.1
  gen_carry_calc[13].u_carry_calc (calc_carry_19)
                                       2.17e-05 6.49e-06  933.631 2.91e-05   0.1
  gen_carry_calc[12].u_carry_calc (calc_carry_20)
                                       2.18e-05 6.52e-06  932.672 2.92e-05   0.1
  gen_carry_calc[11].u_carry_calc (calc_carry_21)
                                       2.19e-05 6.56e-06  932.565 2.94e-05   0.1
  gen_carry_calc[10].u_carry_calc (calc_carry_22)
                                       2.15e-05 6.44e-06  934.054 2.89e-05   0.1
  gen_carry_calc[9].u_carry_calc (calc_carry_23)
                                       2.16e-05 6.49e-06  932.991 2.91e-05   0.1
  gen_carry_calc[8].u_carry_calc (calc_carry_24)
                                       2.19e-05 6.58e-06  934.395 2.94e-05   0.1
  gen_carry_calc[7].u_carry_calc (calc_carry_25)
                                       2.18e-05 6.62e-06  934.530 2.93e-05   0.1
  gen_carry_calc[6].u_carry_calc (calc_carry_26)
                                       2.15e-05 6.54e-06  932.150 2.89e-05   0.1
  gen_carry_calc[5].u_carry_calc (calc_carry_27)
                                       2.19e-05 6.70e-06  933.469 2.95e-05   0.1
  gen_carry_calc[4].u_carry_calc (calc_carry_28)
                                       2.17e-05 6.70e-06  934.155 2.93e-05   0.1
  gen_carry_calc[3].u_carry_calc (calc_carry_29)
                                       2.10e-05 6.78e-06  935.961 2.87e-05   0.1
  gen_carry_calc[2].u_carry_calc (calc_carry_30)
                                       2.09e-05 6.91e-06  941.593 2.87e-05   0.1
  gen_carry_calc[1].u_carry_calc (calc_carry_31)
                                       2.02e-05 7.12e-06  952.151 2.83e-05   0.1
  gen_carry_calc[0].u_carry_calc (calc_carry_0)
                                       1.73e-05 6.74e-06  983.146 2.50e-05   0.1
  gen_stage5[31].u_stage5 (dot_operator_1)
                                       2.20e-05 6.80e-06 1.46e+03 3.02e-05   0.1
  gen_stage5[30].u_stage5 (dot_operator_2)
                                       2.20e-05 6.82e-06 1.46e+03 3.03e-05   0.1
  gen_stage5[29].u_stage5 (dot_operator_3)
                                       2.28e-05 7.05e-06 1.46e+03 3.13e-05   0.1
  gen_stage5[28].u_stage5 (dot_operator_4)
                                       2.25e-05 6.98e-06 1.46e+03 3.10e-05   0.1
  gen_stage5[27].u_stage5 (dot_operator_5)
                                       2.24e-05 6.94e-06 1.46e+03 3.08e-05   0.1
  gen_stage5[26].u_stage5 (dot_operator_6)
                                       2.28e-05 7.04e-06 1.46e+03 3.13e-05   0.1
  gen_stage5[25].u_stage5 (dot_operator_7)
                                       2.28e-05 7.07e-06 1.46e+03 3.14e-05   0.1
  gen_stage5[24].u_stage5 (dot_operator_8)
                                       2.26e-05 7.00e-06 1.46e+03 3.11e-05   0.1
  gen_stage5[23].u_stage5 (dot_operator_9)
                                       2.31e-05 7.14e-06 1.46e+03 3.17e-05   0.1
  gen_stage5[22].u_stage5 (dot_operator_10)
                                       2.29e-05 7.10e-06 1.47e+03 3.15e-05   0.1
  gen_stage5[21].u_stage5 (dot_operator_11)
                                       2.25e-05 6.98e-06 1.47e+03 3.10e-05   0.1
  gen_stage5[20].u_stage5 (dot_operator_12)
                                       2.23e-05 6.91e-06 1.47e+03 3.07e-05   0.1
  gen_stage5[19].u_stage5 (dot_operator_13)
                                       2.23e-05 6.90e-06 1.47e+03 3.07e-05   0.1
  gen_stage5[18].u_stage5 (dot_operator_14)
                                       2.23e-05 6.87e-06 1.48e+03 3.07e-05   0.1
  gen_stage5[17].u_stage5 (dot_operator_15)
                                       2.25e-05 6.88e-06 1.50e+03 3.09e-05   0.1
  gen_stage5[16].u_stage5 (dot_operator_16)
                                       2.25e-05 6.75e-06 1.55e+03 3.08e-05   0.1
  gen_stage4[31].u_stage4 (dot_operator_17)
                                       2.20e-05 6.85e-06 1.47e+03 3.03e-05   0.1
  gen_stage4[30].u_stage4 (dot_operator_18)
                                       2.20e-05 6.84e-06 1.46e+03 3.03e-05   0.1
  gen_stage4[29].u_stage4 (dot_operator_19)
                                       2.28e-05 7.09e-06 1.46e+03 3.14e-05   0.1
  gen_stage4[28].u_stage4 (dot_operator_20)
                                       2.25e-05 7.00e-06 1.46e+03 3.10e-05   0.1
  gen_stage4[27].u_stage4 (dot_operator_21)
                                       2.24e-05 6.97e-06 1.46e+03 3.08e-05   0.1
  gen_stage4[26].u_stage4 (dot_operator_22)
                                       2.28e-05 7.09e-06 1.46e+03 3.13e-05   0.1
  gen_stage4[25].u_stage4 (dot_operator_23)
                                       2.28e-05 7.11e-06 1.47e+03 3.14e-05   0.1
  gen_stage4[24].u_stage4 (dot_operator_24)
                                       2.27e-05 7.04e-06 1.46e+03 3.12e-05   0.1
  gen_stage4[23].u_stage4 (dot_operator_25)
                                       2.31e-05 7.22e-06 1.46e+03 3.18e-05   0.1
  gen_stage4[22].u_stage4 (dot_operator_26)
                                       2.29e-05 7.18e-06 1.47e+03 3.16e-05   0.1
  gen_stage4[21].u_stage4 (dot_operator_27)
                                       2.25e-05 7.05e-06 1.46e+03 3.11e-05   0.1
  gen_stage4[20].u_stage4 (dot_operator_28)
                                       2.23e-05 7.00e-06 1.47e+03 3.08e-05   0.1
  gen_stage4[19].u_stage4 (dot_operator_29)
                                       2.23e-05 6.99e-06 1.47e+03 3.08e-05   0.1
  gen_stage4[18].u_stage4 (dot_operator_30)
                                       2.23e-05 6.99e-06 1.46e+03 3.08e-05   0.1
  gen_stage4[17].u_stage4 (dot_operator_31)
                                       2.25e-05 7.05e-06 1.46e+03 3.11e-05   0.1
  gen_stage4[16].u_stage4 (dot_operator_32)
                                       2.26e-05 7.05e-06 1.46e+03 3.11e-05   0.1
  gen_stage4[15].u_stage4 (dot_operator_33)
                                       4.98e-05 7.00e-06 1.46e+03 5.82e-05   0.2
  gen_stage4[14].u_stage4 (dot_operator_34)
                                       4.96e-05 6.98e-06 1.47e+03 5.80e-05   0.2
  gen_stage4[13].u_stage4 (dot_operator_35)
                                       5.00e-05 7.03e-06 1.47e+03 5.85e-05   0.2
  gen_stage4[12].u_stage4 (dot_operator_36)
                                       5.02e-05 7.05e-06 1.47e+03 5.87e-05   0.2
  gen_stage4[11].u_stage4 (dot_operator_37)
                                       5.06e-05 7.10e-06 1.47e+03 5.92e-05   0.2
  gen_stage4[10].u_stage4 (dot_operator_38)
                                       4.99e-05 6.97e-06 1.49e+03 5.83e-05   0.2
  gen_stage4[9].u_stage4 (dot_operator_39)
                                       5.06e-05 7.02e-06 1.51e+03 5.92e-05   0.2
  gen_stage4[8].u_stage4 (dot_operator_40)
                                       5.19e-05 7.07e-06 1.55e+03 6.05e-05   0.2
  gen_stage3[31].u_stage3 (dot_operator_41)
                                       2.40e-05 7.39e-06 1.49e+03 3.29e-05   0.1
  gen_stage3[30].u_stage3 (dot_operator_42)
                                       2.41e-05 7.40e-06 1.49e+03 3.30e-05   0.1
  gen_stage3[29].u_stage3 (dot_operator_43)
                                       2.50e-05 7.64e-06 1.49e+03 3.41e-05   0.1
  gen_stage3[28].u_stage3 (dot_operator_44)
                                       2.48e-05 7.58e-06 1.49e+03 3.39e-05   0.1
  gen_stage3[27].u_stage3 (dot_operator_45)
                                       2.48e-05 7.61e-06 1.49e+03 3.39e-05   0.1
  gen_stage3[26].u_stage3 (dot_operator_46)
                                       2.53e-05 7.70e-06 1.49e+03 3.45e-05   0.1
  gen_stage3[25].u_stage3 (dot_operator_47)
                                       2.53e-05 7.73e-06 1.49e+03 3.45e-05   0.1
  gen_stage3[24].u_stage3 (dot_operator_48)
                                       2.48e-05 7.60e-06 1.49e+03 3.39e-05   0.1
  gen_stage3[23].u_stage3 (dot_operator_49)
                                       5.54e-05 7.82e-06 1.49e+03 6.47e-05   0.2
  gen_stage3[22].u_stage3 (dot_operator_50)
                                       5.58e-05 7.85e-06 1.49e+03 6.52e-05   0.2
  gen_stage3[21].u_stage3 (dot_operator_51)
                                       5.39e-05 7.63e-06 1.49e+03 6.30e-05   0.2
  gen_stage3[20].u_stage3 (dot_operator_52)
                                       5.33e-05 7.55e-06 1.49e+03 6.24e-05   0.2
  gen_stage3[19].u_stage3 (dot_operator_53)
                                       5.36e-05 7.58e-06 1.49e+03 6.26e-05   0.2
  gen_stage3[18].u_stage3 (dot_operator_54)
                                       5.38e-05 7.60e-06 1.49e+03 6.29e-05   0.2
  gen_stage3[17].u_stage3 (dot_operator_55)
                                       5.42e-05 7.64e-06 1.49e+03 6.33e-05   0.2
  gen_stage3[16].u_stage3 (dot_operator_56)
                                       5.41e-05 7.64e-06 1.49e+03 6.32e-05   0.2
  gen_stage3[15].u_stage3 (dot_operator_57)
                                       5.34e-05 7.57e-06 1.49e+03 6.25e-05   0.2
  gen_stage3[14].u_stage3 (dot_operator_58)
                                       5.32e-05 7.52e-06 1.49e+03 6.23e-05   0.2
  gen_stage3[13].u_stage3 (dot_operator_59)
                                       5.36e-05 7.60e-06 1.49e+03 6.27e-05   0.2
  gen_stage3[12].u_stage3 (dot_operator_60)
                                       5.39e-05 7.62e-06 1.49e+03 6.30e-05   0.2
  gen_stage3[11].u_stage3 (dot_operator_61)
                                       5.44e-05 7.66e-06 1.49e+03 6.35e-05   0.2
  gen_stage3[10].u_stage3 (dot_operator_62)
                                       5.30e-05 7.50e-06 1.49e+03 6.20e-05   0.2
  gen_stage3[9].u_stage3 (dot_operator_63)
                                       5.37e-05 7.59e-06 1.49e+03 6.28e-05   0.2
  gen_stage3[8].u_stage3 (dot_operator_64)
                                       5.49e-05 7.73e-06 1.49e+03 6.41e-05   0.2
  gen_stage3[7].u_stage3 (dot_operator_65)
                                       8.47e-05 7.66e-06 1.49e+03 9.39e-05   0.3
  gen_stage3[6].u_stage3 (dot_operator_66)
                                       8.65e-05 7.76e-06 1.50e+03 9.58e-05   0.3
  gen_stage3[5].u_stage3 (dot_operator_67)
                                       9.29e-05 8.23e-06 1.52e+03 1.03e-04   0.3
  gen_stage3[4].u_stage3 (dot_operator_68)
                                       1.01e-04 8.70e-06 1.56e+03 1.11e-04   0.4
  gen_stage2[31].u_stage2 (dot_operator_69)
                                       4.40e-05 1.01e-05 1.57e+03 5.57e-05   0.2
  gen_stage2[30].u_stage2 (dot_operator_70)
                                       4.31e-05 1.00e-05 1.57e+03 5.47e-05   0.2
  gen_stage2[29].u_stage2 (dot_operator_71)
                                       4.36e-05 1.02e-05 1.57e+03 5.54e-05   0.2
  gen_stage2[28].u_stage2 (dot_operator_72)
                                       4.47e-05 1.04e-05 1.57e+03 5.67e-05   0.2
  gen_stage2[27].u_stage2 (dot_operator_73)
                                       8.56e-05 1.04e-05 1.57e+03 9.75e-05   0.3
  gen_stage2[26].u_stage2 (dot_operator_74)
                                       8.64e-05 1.05e-05 1.57e+03 9.85e-05   0.3
  gen_stage2[25].u_stage2 (dot_operator_75)
                                       8.57e-05 1.04e-05 1.58e+03 9.77e-05   0.3
  gen_stage2[24].u_stage2 (dot_operator_76)
                                       8.47e-05 1.03e-05 1.57e+03 9.66e-05   0.3
  gen_stage2[23].u_stage2 (dot_operator_77)
                                       8.65e-05 1.05e-05 1.57e+03 9.86e-05   0.3
  gen_stage2[22].u_stage2 (dot_operator_78)
                                       8.62e-05 1.04e-05 1.57e+03 9.83e-05   0.3
  gen_stage2[21].u_stage2 (dot_operator_79)
                                       8.56e-05 1.04e-05 1.57e+03 9.76e-05   0.3
  gen_stage2[20].u_stage2 (dot_operator_80)
                                       8.47e-05 1.03e-05 1.57e+03 9.65e-05   0.3
  gen_stage2[19].u_stage2 (dot_operator_81)
                                       8.57e-05 1.04e-05 1.58e+03 9.77e-05   0.3
  gen_stage2[18].u_stage2 (dot_operator_82)
                                       8.66e-05 1.05e-05 1.57e+03 9.86e-05   0.3
  gen_stage2[17].u_stage2 (dot_operator_83)
                                       8.37e-05 1.02e-05 1.57e+03 9.55e-05   0.3
  gen_stage2[16].u_stage2 (dot_operator_84)
                                       8.26e-05 1.01e-05 1.57e+03 9.43e-05   0.3
  gen_stage2[15].u_stage2 (dot_operator_85)
                                       8.36e-05 1.02e-05 1.57e+03 9.53e-05   0.3
  gen_stage2[14].u_stage2 (dot_operator_86)
                                       8.41e-05 1.02e-05 1.57e+03 9.58e-05   0.3
  gen_stage2[13].u_stage2 (dot_operator_87)
                                       8.39e-05 1.02e-05 1.57e+03 9.56e-05   0.3
  gen_stage2[12].u_stage2 (dot_operator_88)
                                       8.44e-05 1.02e-05 1.57e+03 9.62e-05   0.3
  gen_stage2[11].u_stage2 (dot_operator_89)
                                       8.52e-05 1.03e-05 1.57e+03 9.71e-05   0.3
  gen_stage2[10].u_stage2 (dot_operator_90)
                                       8.34e-05 1.01e-05 1.57e+03 9.50e-05   0.3
  gen_stage2[9].u_stage2 (dot_operator_91)
                                       8.34e-05 1.01e-05 1.57e+03 9.51e-05   0.3
  gen_stage2[8].u_stage2 (dot_operator_92)
                                       8.48e-05 1.03e-05 1.58e+03 9.66e-05   0.3
  gen_stage2[7].u_stage2 (dot_operator_93)
                                       8.11e-05 9.94e-06 1.57e+03 9.27e-05   0.3
  gen_stage2[6].u_stage2 (dot_operator_94)
                                       8.43e-05 1.02e-05 1.57e+03 9.61e-05   0.3
  gen_stage2[5].u_stage2 (dot_operator_95)
                                       8.64e-05 1.04e-05 1.57e+03 9.84e-05   0.3
  gen_stage2[4].u_stage2 (dot_operator_96)
                                       8.50e-05 1.03e-05 1.57e+03 9.69e-05   0.3
  gen_stage2[3].u_stage2 (dot_operator_97)
                                       1.61e-04 1.03e-05 1.57e+03 1.73e-04   0.6
  gen_stage2[2].u_stage2 (dot_operator_98)
                                       1.86e-04 1.15e-05 1.61e+03 1.99e-04   0.7
  gen_stage1[31].u_stage1 (dot_operator_99)
                                       6.72e-05 1.26e-05 1.69e+03 8.14e-05   0.3
  gen_stage1[30].u_stage1 (dot_operator_100)
                                       6.77e-05 1.27e-05 1.69e+03 8.21e-05   0.3
  gen_stage1[29].u_stage1 (dot_operator_101)
                                       1.21e-04 1.30e-05 1.69e+03 1.36e-04   0.4
  gen_stage1[28].u_stage1 (dot_operator_102)
                                       1.20e-04 1.28e-05 1.69e+03 1.34e-04   0.4
  gen_stage1[27].u_stage1 (dot_operator_103)
                                       1.21e-04 1.29e-05 1.69e+03 1.35e-04   0.4
  gen_stage1[26].u_stage1 (dot_operator_104)
                                       1.23e-04 1.31e-05 1.69e+03 1.38e-04   0.5
  gen_stage1[25].u_stage1 (dot_operator_105)
                                       1.22e-04 1.30e-05 1.69e+03 1.36e-04   0.4
  gen_stage1[24].u_stage1 (dot_operator_106)
                                       1.21e-04 1.30e-05 1.69e+03 1.36e-04   0.4
  gen_stage1[23].u_stage1 (dot_operator_107)
                                       1.24e-04 1.32e-05 1.69e+03 1.39e-04   0.5
  gen_stage1[22].u_stage1 (dot_operator_108)
                                       1.21e-04 1.30e-05 1.69e+03 1.36e-04   0.4
  gen_stage1[21].u_stage1 (dot_operator_109)
                                       1.21e-04 1.29e-05 1.69e+03 1.35e-04   0.4
  gen_stage1[20].u_stage1 (dot_operator_110)
                                       1.21e-04 1.29e-05 1.69e+03 1.36e-04   0.4
  gen_stage1[19].u_stage1 (dot_operator_111)
                                       1.22e-04 1.30e-05 1.69e+03 1.37e-04   0.4
  gen_stage1[18].u_stage1 (dot_operator_112)
                                       1.23e-04 1.31e-05 1.69e+03 1.37e-04   0.4
  gen_stage1[17].u_stage1 (dot_operator_113)
                                       1.22e-04 1.30e-05 1.69e+03 1.37e-04   0.4
  gen_stage1[16].u_stage1 (dot_operator_114)
                                       1.21e-04 1.28e-05 1.69e+03 1.35e-04   0.4
  gen_stage1[15].u_stage1 (dot_operator_115)
                                       1.20e-04 1.28e-05 1.69e+03 1.34e-04   0.4
  gen_stage1[14].u_stage1 (dot_operator_116)
                                       1.19e-04 1.27e-05 1.68e+03 1.34e-04   0.4
  gen_stage1[13].u_stage1 (dot_operator_117)
                                       1.20e-04 1.27e-05 1.69e+03 1.34e-04   0.4
  gen_stage1[12].u_stage1 (dot_operator_118)
                                       1.21e-04 1.29e-05 1.69e+03 1.36e-04   0.4
  gen_stage1[11].u_stage1 (dot_operator_119)
                                       1.22e-04 1.29e-05 1.69e+03 1.37e-04   0.4
  gen_stage1[10].u_stage1 (dot_operator_120)
                                       1.21e-04 1.28e-05 1.69e+03 1.35e-04   0.4
  gen_stage1[9].u_stage1 (dot_operator_121)
                                       1.22e-04 1.30e-05 1.69e+03 1.36e-04   0.4
  gen_stage1[8].u_stage1 (dot_operator_122)
                                       1.21e-04 1.29e-05 1.69e+03 1.36e-04   0.4
  gen_stage1[7].u_stage1 (dot_operator_123)
                                       1.20e-04 1.28e-05 1.69e+03 1.34e-04   0.4
  gen_stage1[6].u_stage1 (dot_operator_124)
                                       1.20e-04 1.28e-05 1.69e+03 1.35e-04   0.4
  gen_stage1[5].u_stage1 (dot_operator_125)
                                       1.21e-04 1.29e-05 1.69e+03 1.35e-04   0.4
  gen_stage1[4].u_stage1 (dot_operator_126)
                                       1.22e-04 1.30e-05 1.69e+03 1.37e-04   0.4
  gen_stage1[3].u_stage1 (dot_operator_127)
                                       1.20e-04 1.28e-05 1.69e+03 1.35e-04   0.4
  gen_stage1[2].u_stage1 (dot_operator_128)
                                       1.20e-04 1.28e-05 1.69e+03 1.35e-04   0.4
  gen_stage1[1].u_stage1 (dot_operator_0)
                                       2.80e-04 1.35e-05 1.69e+03 2.96e-04   1.0
  gen_pre_process[31].u_pre (pre_process_1)
                                       9.96e-05 1.49e-05 2.01e+03 1.17e-04   0.4
  gen_pre_process[30].u_pre (pre_process_2)
                                       1.50e-04 1.49e-05 2.01e+03 1.67e-04   0.5
  gen_pre_process[29].u_pre (pre_process_3)
                                       1.52e-04 1.50e-05 2.01e+03 1.69e-04   0.6
  gen_pre_process[28].u_pre (pre_process_4)
                                       1.54e-04 1.53e-05 2.01e+03 1.71e-04   0.6
  gen_pre_process[27].u_pre (pre_process_5)
                                       1.51e-04 1.49e-05 2.01e+03 1.67e-04   0.5
  gen_pre_process[26].u_pre (pre_process_6)
                                       1.52e-04 1.50e-05 2.01e+03 1.69e-04   0.6
  gen_pre_process[25].u_pre (pre_process_7)
                                       1.52e-04 1.50e-05 2.01e+03 1.69e-04   0.6
  gen_pre_process[24].u_pre (pre_process_8)
                                       1.49e-04 1.47e-05 2.01e+03 1.65e-04   0.5
  gen_pre_process[23].u_pre (pre_process_9)
                                       1.53e-04 1.52e-05 2.01e+03 1.70e-04   0.6
  gen_pre_process[22].u_pre (pre_process_10)
                                       1.52e-04 1.51e-05 2.01e+03 1.69e-04   0.6
  gen_pre_process[21].u_pre (pre_process_11)
                                       1.51e-04 1.50e-05 2.01e+03 1.68e-04   0.6
  gen_pre_process[20].u_pre (pre_process_12)
                                       1.52e-04 1.50e-05 2.01e+03 1.69e-04   0.6
  gen_pre_process[19].u_pre (pre_process_13)
                                       1.54e-04 1.52e-05 2.01e+03 1.71e-04   0.6
  gen_pre_process[18].u_pre (pre_process_14)
                                       1.53e-04 1.52e-05 2.01e+03 1.71e-04   0.6
  gen_pre_process[17].u_pre (pre_process_15)
                                       1.53e-04 1.51e-05 2.01e+03 1.70e-04   0.6
  gen_pre_process[16].u_pre (pre_process_16)
                                       1.51e-04 1.49e-05 2.01e+03 1.68e-04   0.5
  gen_pre_process[15].u_pre (pre_process_17)
                                       1.51e-04 1.49e-05 2.01e+03 1.68e-04   0.5
  gen_pre_process[14].u_pre (pre_process_18)
                                       1.53e-04 1.52e-05 2.01e+03 1.70e-04   0.6
  gen_pre_process[13].u_pre (pre_process_19)
                                       1.50e-04 1.48e-05 2.01e+03 1.67e-04   0.5
  gen_pre_process[12].u_pre (pre_process_20)
                                       1.50e-04 1.48e-05 2.01e+03 1.67e-04   0.5
  gen_pre_process[11].u_pre (pre_process_21)
                                       1.54e-04 1.53e-05 2.01e+03 1.71e-04   0.6
  gen_pre_process[10].u_pre (pre_process_22)
                                       1.49e-04 1.47e-05 2.01e+03 1.66e-04   0.5
  gen_pre_process[9].u_pre (pre_process_23)
                                       1.52e-04 1.50e-05 2.01e+03 1.69e-04   0.6
  gen_pre_process[8].u_pre (pre_process_24)
                                       1.55e-04 1.53e-05 2.01e+03 1.72e-04   0.6
  gen_pre_process[7].u_pre (pre_process_25)
                                       1.50e-04 1.48e-05 2.01e+03 1.67e-04   0.5
  gen_pre_process[6].u_pre (pre_process_26)
                                       1.50e-04 1.48e-05 2.01e+03 1.67e-04   0.5
  gen_pre_process[5].u_pre (pre_process_27)
                                       1.51e-04 1.50e-05 2.01e+03 1.68e-04   0.6
  gen_pre_process[4].u_pre (pre_process_28)
                                       1.51e-04 1.49e-05 2.01e+03 1.67e-04   0.5
  gen_pre_process[3].u_pre (pre_process_29)
                                       1.49e-04 1.47e-05 2.01e+03 1.66e-04   0.5
  gen_pre_process[2].u_pre (pre_process_30)
                                       1.50e-04 1.48e-05 2.01e+03 1.67e-04   0.5
  gen_pre_process[1].u_pre (pre_process_31)
                                       1.53e-04 1.52e-05 2.01e+03 1.70e-04   0.6
  gen_pre_process[0].u_pre (pre_process_0)
                                       3.59e-04 1.48e-05 2.01e+03 3.76e-04   1.2
1
